/home/ros_ws/install/navila_ros2_bridge/lib/python3.10/site-packages/navila_ros2_bridge/action_to_cmdvel_node.py
/home/ros_ws/install/navila_ros2_bridge/lib/python3.10/site-packages/navila_ros2_bridge/navila_node.py
/home/ros_ws/install/navila_ros2_bridge/lib/python3.10/site-packages/navila_ros2_bridge/instruction_node.py
/home/ros_ws/install/navila_ros2_bridge/lib/python3.10/site-packages/navila_ros2_bridge/__init__.py
/home/ros_ws/install/navila_ros2_bridge/lib/python3.10/site-packages/navila_ros2_bridge/__pycache__/action_to_cmdvel_node.cpython-310.pyc
/home/ros_ws/install/navila_ros2_bridge/lib/python3.10/site-packages/navila_ros2_bridge/__pycache__/navila_node.cpython-310.pyc
/home/ros_ws/install/navila_ros2_bridge/lib/python3.10/site-packages/navila_ros2_bridge/__pycache__/instruction_node.cpython-310.pyc
/home/ros_ws/install/navila_ros2_bridge/lib/python3.10/site-packages/navila_ros2_bridge/__pycache__/__init__.cpython-310.pyc
/home/ros_ws/install/navila_ros2_bridge/share/ament_index/resource_index/packages/navila_ros2_bridge
/home/ros_ws/install/navila_ros2_bridge/share/navila_ros2_bridge/package.xml
/home/ros_ws/install/navila_ros2_bridge/share/navila_ros2_bridge/launch/navila.launch.py
/home/ros_ws/install/navila_ros2_bridge/lib/python3.10/site-packages/navila_ros2_bridge-0.0.1-py3.10.egg-info/dependency_links.txt
/home/ros_ws/install/navila_ros2_bridge/lib/python3.10/site-packages/navila_ros2_bridge-0.0.1-py3.10.egg-info/SOURCES.txt
/home/ros_ws/install/navila_ros2_bridge/lib/python3.10/site-packages/navila_ros2_bridge-0.0.1-py3.10.egg-info/top_level.txt
/home/ros_ws/install/navila_ros2_bridge/lib/python3.10/site-packages/navila_ros2_bridge-0.0.1-py3.10.egg-info/requires.txt
/home/ros_ws/install/navila_ros2_bridge/lib/python3.10/site-packages/navila_ros2_bridge-0.0.1-py3.10.egg-info/zip-safe
/home/ros_ws/install/navila_ros2_bridge/lib/python3.10/site-packages/navila_ros2_bridge-0.0.1-py3.10.egg-info/entry_points.txt
/home/ros_ws/install/navila_ros2_bridge/lib/python3.10/site-packages/navila_ros2_bridge-0.0.1-py3.10.egg-info/PKG-INFO
/home/ros_ws/install/navila_ros2_bridge/lib/navila_ros2_bridge/action_to_cmdvel_node
/home/ros_ws/install/navila_ros2_bridge/lib/navila_ros2_bridge/instruction_node
/home/ros_ws/install/navila_ros2_bridge/lib/navila_ros2_bridge/navila_node
