[0.010s] Invoking command in '/home/ros_ws/build/clearpath_viz': CMAKE_PREFIX_PATH=/home/ros_ws/install/clearpath_platform_description:/home/ros_ws/install/husky_simulator:/home/ros_ws/install/husky_description:/home/ros_ws/install/husky_bringup:/home/ros_ws/install/clearpath_viz:/home/ros_ws/install/clearpath_sensors_description:/home/ros_ws/install/clearpath_sensors:/home/ros_ws/install/clearpath_diagnostics:/home/ros_ws/install/clearpath_common:/home/ros_ws/install/clearpath_control:/opt/ros/humble _=/usr/bin/env /usr/bin/cmake /home/ros_ws/src/husky_description/clearpath_viz -DAMENT_CMAKE_SYMLINK_INSTALL=1 -DCMAKE_INSTALL_PREFIX=/home/ros_ws/install/clearpath_viz
[0.052s] -- The C compiler identification is GNU 11.4.0
[0.098s] -- The CXX compiler identification is GNU 11.4.0
[0.105s] -- Detecting C compiler ABI info
[0.158s] -- Detecting C compiler ABI info - done
[0.165s] -- Check for working C compiler: /usr/bin/cc - skipped
[0.165s] -- Detecting C compile features
[0.165s] -- Detecting C compile features - done
[0.168s] -- Detecting CXX compiler ABI info
[0.226s] -- Detecting CXX compiler ABI info - done
[0.232s] -- Check for working CXX compiler: /usr/bin/c++ - skipped
[0.232s] -- Detecting CXX compile features
[0.232s] -- Detecting CXX compile features - done
[0.234s] -- Found ament_cmake: 1.3.14 (/opt/ros/humble/share/ament_cmake/cmake)
[0.350s] -- Found Python3: /usr/bin/python3 (found version "3.10.12") found components: Interpreter 
[0.396s] -- Override CMake install command with custom implementation using symlinks instead of copying resources
[0.467s] -- Configuring done
[0.469s] -- Generating done
[0.471s] -- Build files have been written to: /home/ros_ws/build/clearpath_viz
[0.474s] Invoked command in '/home/ros_ws/build/clearpath_viz' returned '0': CMAKE_PREFIX_PATH=/home/ros_ws/install/clearpath_platform_description:/home/ros_ws/install/husky_simulator:/home/ros_ws/install/husky_description:/home/ros_ws/install/husky_bringup:/home/ros_ws/install/clearpath_viz:/home/ros_ws/install/clearpath_sensors_description:/home/ros_ws/install/clearpath_sensors:/home/ros_ws/install/clearpath_diagnostics:/home/ros_ws/install/clearpath_common:/home/ros_ws/install/clearpath_control:/opt/ros/humble _=/usr/bin/env /usr/bin/cmake /home/ros_ws/src/husky_description/clearpath_viz -DAMENT_CMAKE_SYMLINK_INSTALL=1 -DCMAKE_INSTALL_PREFIX=/home/ros_ws/install/clearpath_viz
[0.475s] Invoking command in '/home/ros_ws/build/clearpath_viz': CMAKE_PREFIX_PATH=/home/ros_ws/install/clearpath_platform_description:/home/ros_ws/install/husky_simulator:/home/ros_ws/install/husky_description:/home/ros_ws/install/husky_bringup:/home/ros_ws/install/clearpath_viz:/home/ros_ws/install/clearpath_sensors_description:/home/ros_ws/install/clearpath_sensors:/home/ros_ws/install/clearpath_diagnostics:/home/ros_ws/install/clearpath_common:/home/ros_ws/install/clearpath_control:/opt/ros/humble _=/usr/bin/env /usr/bin/cmake --build /home/ros_ws/build/clearpath_viz -- -j16 -l16
[0.499s] Invoked command in '/home/ros_ws/build/clearpath_viz' returned '0': CMAKE_PREFIX_PATH=/home/ros_ws/install/clearpath_platform_description:/home/ros_ws/install/husky_simulator:/home/ros_ws/install/husky_description:/home/ros_ws/install/husky_bringup:/home/ros_ws/install/clearpath_viz:/home/ros_ws/install/clearpath_sensors_description:/home/ros_ws/install/clearpath_sensors:/home/ros_ws/install/clearpath_diagnostics:/home/ros_ws/install/clearpath_common:/home/ros_ws/install/clearpath_control:/opt/ros/humble _=/usr/bin/env /usr/bin/cmake --build /home/ros_ws/build/clearpath_viz -- -j16 -l16
[0.500s] Invoking command in '/home/ros_ws/build/clearpath_viz': CMAKE_PREFIX_PATH=/home/ros_ws/install/clearpath_platform_description:/home/ros_ws/install/husky_simulator:/home/ros_ws/install/husky_description:/home/ros_ws/install/husky_bringup:/home/ros_ws/install/clearpath_viz:/home/ros_ws/install/clearpath_sensors_description:/home/ros_ws/install/clearpath_sensors:/home/ros_ws/install/clearpath_diagnostics:/home/ros_ws/install/clearpath_common:/home/ros_ws/install/clearpath_control:/opt/ros/humble _=/usr/bin/env /usr/bin/cmake --install /home/ros_ws/build/clearpath_viz
[0.504s] -- Install configuration: ""
[0.504s] -- Execute custom install script
[0.505s] -- Symlinking: /home/ros_ws/install/clearpath_viz/share/clearpath_viz/launch/view_diagnostics.launch.py
[0.510s] -- Symlinking: /home/ros_ws/install/clearpath_viz/share/clearpath_viz/launch/view_dynamic_navigation.launch.py
[0.514s] -- Symlinking: /home/ros_ws/install/clearpath_viz/share/clearpath_viz/launch/view_model.launch.py
[0.519s] -- Symlinking: /home/ros_ws/install/clearpath_viz/share/clearpath_viz/launch/view_moveit.launch.py
[0.524s] -- Symlinking: /home/ros_ws/install/clearpath_viz/share/clearpath_viz/launch/view_navigation.launch.py
[0.530s] -- Symlinking: /home/ros_ws/install/clearpath_viz/share/clearpath_viz/launch/view_outdoor_navigation.launch.py
[0.538s] -- Symlinking: /home/ros_ws/install/clearpath_viz/share/clearpath_viz/launch/view_robot.launch.py
[0.543s] -- Symlinking: /home/ros_ws/install/clearpath_viz/share/clearpath_viz/rviz/dynamic_nav2.rviz
[0.549s] -- Symlinking: /home/ros_ws/install/clearpath_viz/share/clearpath_viz/rviz/model.rviz
[0.555s] -- Symlinking: /home/ros_ws/install/clearpath_viz/share/clearpath_viz/rviz/moveit.rviz
[0.560s] -- Symlinking: /home/ros_ws/install/clearpath_viz/share/clearpath_viz/rviz/nav2.rviz
[0.566s] -- Symlinking: /home/ros_ws/install/clearpath_viz/share/clearpath_viz/rviz/outdoor_nav2.rviz
[0.571s] -- Symlinking: /home/ros_ws/install/clearpath_viz/share/clearpath_viz/rviz/robot.rviz
[0.576s] -- Symlinking: /home/ros_ws/install/clearpath_viz/share/ament_index/resource_index/package_run_dependencies/clearpath_viz
[0.581s] -- Symlinking: /home/ros_ws/install/clearpath_viz/share/ament_index/resource_index/parent_prefix_path/clearpath_viz
[0.586s] -- Symlinking: /home/ros_ws/install/clearpath_viz/share/clearpath_viz/environment/ament_prefix_path.sh
[0.591s] -- Symlinking: /home/ros_ws/install/clearpath_viz/share/clearpath_viz/environment/ament_prefix_path.dsv
[0.596s] -- Symlinking: /home/ros_ws/install/clearpath_viz/share/clearpath_viz/environment/path.sh
[0.601s] -- Symlinking: /home/ros_ws/install/clearpath_viz/share/clearpath_viz/environment/path.dsv
[0.607s] -- Symlinking: /home/ros_ws/install/clearpath_viz/share/clearpath_viz/local_setup.bash
[0.611s] -- Symlinking: /home/ros_ws/install/clearpath_viz/share/clearpath_viz/local_setup.sh
[0.618s] -- Symlinking: /home/ros_ws/install/clearpath_viz/share/clearpath_viz/local_setup.zsh
[0.624s] -- Symlinking: /home/ros_ws/install/clearpath_viz/share/clearpath_viz/local_setup.dsv
[0.629s] -- Symlinking: /home/ros_ws/install/clearpath_viz/share/clearpath_viz/package.dsv
[0.637s] -- Symlinking: /home/ros_ws/install/clearpath_viz/share/ament_index/resource_index/packages/clearpath_viz
[0.644s] -- Symlinking: /home/ros_ws/install/clearpath_viz/share/clearpath_viz/cmake/clearpath_vizConfig.cmake
[0.649s] -- Symlinking: /home/ros_ws/install/clearpath_viz/share/clearpath_viz/cmake/clearpath_vizConfig-version.cmake
[0.655s] -- Symlinking: /home/ros_ws/install/clearpath_viz/share/clearpath_viz/package.xml
[0.661s] Invoked command in '/home/ros_ws/build/clearpath_viz' returned '0': CMAKE_PREFIX_PATH=/home/ros_ws/install/clearpath_platform_description:/home/ros_ws/install/husky_simulator:/home/ros_ws/install/husky_description:/home/ros_ws/install/husky_bringup:/home/ros_ws/install/clearpath_viz:/home/ros_ws/install/clearpath_sensors_description:/home/ros_ws/install/clearpath_sensors:/home/ros_ws/install/clearpath_diagnostics:/home/ros_ws/install/clearpath_common:/home/ros_ws/install/clearpath_control:/opt/ros/humble _=/usr/bin/env /usr/bin/cmake --install /home/ros_ws/build/clearpath_viz
