running egg_info
creating ../../build/navila_ros2_bridge/navila_ros2_bridge.egg-info
writing ../../build/navila_ros2_bridge/navila_ros2_bridge.egg-info/PKG-INFO
writing dependency_links to ../../build/navila_ros2_bridge/navila_ros2_bridge.egg-info/dependency_links.txt
writing entry points to ../../build/navila_ros2_bridge/navila_ros2_bridge.egg-info/entry_points.txt
writing requirements to ../../build/navila_ros2_bridge/navila_ros2_bridge.egg-info/requires.txt
writing top-level names to ../../build/navila_ros2_bridge/navila_ros2_bridge.egg-info/top_level.txt
writing manifest file '../../build/navila_ros2_bridge/navila_ros2_bridge.egg-info/SOURCES.txt'
reading manifest file '../../build/navila_ros2_bridge/navila_ros2_bridge.egg-info/SOURCES.txt'
writing manifest file '../../build/navila_ros2_bridge/navila_ros2_bridge.egg-info/SOURCES.txt'
running build
running build_py
creating /home/ros_ws/build/navila_ros2_bridge/build
creating /home/ros_ws/build/navila_ros2_bridge/build/lib
creating /home/ros_ws/build/navila_ros2_bridge/build/lib/navila_ros2_bridge
copying navila_ros2_bridge/action_to_cmdvel_node.py -> /home/ros_ws/build/navila_ros2_bridge/build/lib/navila_ros2_bridge
copying navila_ros2_bridge/navila_node.py -> /home/ros_ws/build/navila_ros2_bridge/build/lib/navila_ros2_bridge
copying navila_ros2_bridge/instruction_node.py -> /home/ros_ws/build/navila_ros2_bridge/build/lib/navila_ros2_bridge
copying navila_ros2_bridge/__init__.py -> /home/ros_ws/build/navila_ros2_bridge/build/lib/navila_ros2_bridge
running install
running install_lib
creating /home/ros_ws/install/navila_ros2_bridge/lib/python3.10/site-packages/navila_ros2_bridge
copying /home/ros_ws/build/navila_ros2_bridge/build/lib/navila_ros2_bridge/action_to_cmdvel_node.py -> /home/ros_ws/install/navila_ros2_bridge/lib/python3.10/site-packages/navila_ros2_bridge
copying /home/ros_ws/build/navila_ros2_bridge/build/lib/navila_ros2_bridge/navila_node.py -> /home/ros_ws/install/navila_ros2_bridge/lib/python3.10/site-packages/navila_ros2_bridge
copying /home/ros_ws/build/navila_ros2_bridge/build/lib/navila_ros2_bridge/instruction_node.py -> /home/ros_ws/install/navila_ros2_bridge/lib/python3.10/site-packages/navila_ros2_bridge
copying /home/ros_ws/build/navila_ros2_bridge/build/lib/navila_ros2_bridge/__init__.py -> /home/ros_ws/install/navila_ros2_bridge/lib/python3.10/site-packages/navila_ros2_bridge
byte-compiling /home/ros_ws/install/navila_ros2_bridge/lib/python3.10/site-packages/navila_ros2_bridge/action_to_cmdvel_node.py to action_to_cmdvel_node.cpython-310.pyc
byte-compiling /home/ros_ws/install/navila_ros2_bridge/lib/python3.10/site-packages/navila_ros2_bridge/navila_node.py to navila_node.cpython-310.pyc
byte-compiling /home/ros_ws/install/navila_ros2_bridge/lib/python3.10/site-packages/navila_ros2_bridge/instruction_node.py to instruction_node.cpython-310.pyc
byte-compiling /home/ros_ws/install/navila_ros2_bridge/lib/python3.10/site-packages/navila_ros2_bridge/__init__.py to __init__.cpython-310.pyc
running install_data
creating /home/ros_ws/install/navila_ros2_bridge/share/ament_index
creating /home/ros_ws/install/navila_ros2_bridge/share/ament_index/resource_index
creating /home/ros_ws/install/navila_ros2_bridge/share/ament_index/resource_index/packages
copying resource/navila_ros2_bridge -> /home/ros_ws/install/navila_ros2_bridge/share/ament_index/resource_index/packages
copying package.xml -> /home/ros_ws/install/navila_ros2_bridge/share/navila_ros2_bridge
creating /home/ros_ws/install/navila_ros2_bridge/share/navila_ros2_bridge/launch
copying launch/navila.launch.py -> /home/ros_ws/install/navila_ros2_bridge/share/navila_ros2_bridge/launch
running install_egg_info
Copying ../../build/navila_ros2_bridge/navila_ros2_bridge.egg-info to /home/ros_ws/install/navila_ros2_bridge/lib/python3.10/site-packages/navila_ros2_bridge-0.0.1-py3.10.egg-info
running install_scripts
Installing action_to_cmdvel_node script to /home/ros_ws/install/navila_ros2_bridge/lib/navila_ros2_bridge
Installing instruction_node script to /home/ros_ws/install/navila_ros2_bridge/lib/navila_ros2_bridge
Installing navila_node script to /home/ros_ws/install/navila_ros2_bridge/lib/navila_ros2_bridge
writing list of installed files to '/home/ros_ws/build/navila_ros2_bridge/install.log'
