[0.013s] Invoking command in '/home/ros_ws/build/clearpath_diagnostics': CMAKE_PREFIX_PATH=${CMAKE_PREFIX_PATH}:/opt/ros/humble _=/usr/bin/env /usr/bin/cmake /home/ros_ws/src/husky_bringup/clearpath_diagnostics -DAMENT_CMAKE_SYMLINK_INSTALL=1 -DCMAKE_INSTALL_PREFIX=/home/ros_ws/install/clearpath_diagnostics
[0.065s] -- The C compiler identification is GNU 11.4.0
[0.109s] -- The CXX compiler identification is GNU 11.4.0
[0.115s] -- Detecting C compiler ABI info
[0.165s] -- Detecting C compiler ABI info - done
[0.171s] -- Check for working C compiler: /usr/bin/cc - skipped
[0.171s] -- Detecting C compile features
[0.171s] -- Detecting C compile features - done
[0.174s] -- Detecting CXX compiler ABI info
[0.236s] -- Detecting CXX compiler ABI info - done
[0.242s] -- Check for working CXX compiler: /usr/bin/c++ - skipped
[0.242s] -- Detecting CXX compile features
[0.243s] -- Detecting CXX compile features - done
[0.244s] -- Found ament_cmake: 1.3.14 (/opt/ros/humble/share/ament_cmake/cmake)
[0.363s] -- Found Python3: /usr/bin/python3 (found version "3.10.12") found components: Interpreter 
[0.412s] -- Override CMake install command with custom implementation using symlinks instead of copying resources
[0.501s] -- Found ament_lint_auto: 0.12.15 (/opt/ros/humble/share/ament_lint_auto/cmake)
[0.566s] -- Added test 'flake8' to check Python code syntax and style conventions
[0.567s] -- Added test 'lint_cmake' to check CMake code style
[0.567s] -- Added test 'pep257' to check Python code against some of the docstring style conventions in PEP 257
[0.568s] -- Added test 'xmllint' to check XML markup files
[0.569s] -- Configuring done
[0.571s] -- Generating done
[0.573s] -- Build files have been written to: /home/ros_ws/build/clearpath_diagnostics
[0.576s] Invoked command in '/home/ros_ws/build/clearpath_diagnostics' returned '0': CMAKE_PREFIX_PATH=${CMAKE_PREFIX_PATH}:/opt/ros/humble _=/usr/bin/env /usr/bin/cmake /home/ros_ws/src/husky_bringup/clearpath_diagnostics -DAMENT_CMAKE_SYMLINK_INSTALL=1 -DCMAKE_INSTALL_PREFIX=/home/ros_ws/install/clearpath_diagnostics
[0.577s] Invoking command in '/home/ros_ws/build/clearpath_diagnostics': CMAKE_PREFIX_PATH=${CMAKE_PREFIX_PATH}:/opt/ros/humble _=/usr/bin/env /usr/bin/cmake --build /home/ros_ws/build/clearpath_diagnostics -- -j16 -l16
[0.615s] Built target ament_cmake_python_symlink_clearpath_diagnostics
[0.788s] running egg_info
[0.789s] creating clearpath_diagnostics.egg-info
[0.789s] writing clearpath_diagnostics.egg-info/PKG-INFO
[0.789s] writing dependency_links to clearpath_diagnostics.egg-info/dependency_links.txt
[0.789s] writing top-level names to clearpath_diagnostics.egg-info/top_level.txt
[0.790s] writing manifest file 'clearpath_diagnostics.egg-info/SOURCES.txt'
[0.791s] reading manifest file 'clearpath_diagnostics.egg-info/SOURCES.txt'
[0.791s] writing manifest file 'clearpath_diagnostics.egg-info/SOURCES.txt'
[0.814s] Built target ament_cmake_python_build_clearpath_diagnostics_egg
[0.823s] Invoked command in '/home/ros_ws/build/clearpath_diagnostics' returned '0': CMAKE_PREFIX_PATH=${CMAKE_PREFIX_PATH}:/opt/ros/humble _=/usr/bin/env /usr/bin/cmake --build /home/ros_ws/build/clearpath_diagnostics -- -j16 -l16
[0.824s] Invoking command in '/home/ros_ws/build/clearpath_diagnostics': CMAKE_PREFIX_PATH=${CMAKE_PREFIX_PATH}:/opt/ros/humble _=/usr/bin/env /usr/bin/cmake --install /home/ros_ws/build/clearpath_diagnostics
[0.829s] -- Install configuration: ""
[0.829s] -- Execute custom install script
[0.829s] -- Symlinking: /home/ros_ws/install/clearpath_diagnostics/share/clearpath_diagnostics/environment/pythonpath.sh
[0.835s] -- Symlinking: /home/ros_ws/install/clearpath_diagnostics/share/clearpath_diagnostics/environment/pythonpath.dsv
[0.841s] -- Symlinking: /home/ros_ws/install/clearpath_diagnostics/local/lib/python3.10/dist-packages/clearpath_diagnostics-1.3.6-py3.10.egg-info/PKG-INFO
[0.847s] -- Symlinking: /home/ros_ws/install/clearpath_diagnostics/local/lib/python3.10/dist-packages/clearpath_diagnostics-1.3.6-py3.10.egg-info/SOURCES.txt
[0.854s] -- Symlinking: /home/ros_ws/install/clearpath_diagnostics/local/lib/python3.10/dist-packages/clearpath_diagnostics-1.3.6-py3.10.egg-info/dependency_links.txt
[0.859s] -- Symlinking: /home/ros_ws/install/clearpath_diagnostics/local/lib/python3.10/dist-packages/clearpath_diagnostics-1.3.6-py3.10.egg-info/top_level.txt
[0.865s] -- Symlinking: /home/ros_ws/install/clearpath_diagnostics/local/lib/python3.10/dist-packages/clearpath_diagnostics/__init__.py
[0.872s] -- Symlinking: /home/ros_ws/install/clearpath_diagnostics/local/lib/python3.10/dist-packages/clearpath_diagnostics/battery_state_control
[0.879s] -- Symlinking: /home/ros_ws/install/clearpath_diagnostics/local/lib/python3.10/dist-packages/clearpath_diagnostics/battery_state_estimator
[0.885s] -- Symlinking: /home/ros_ws/install/clearpath_diagnostics/local/lib/python3.10/dist-packages/clearpath_diagnostics/diagnostics_updater
[0.892s] -- Symlinking: /home/ros_ws/install/clearpath_diagnostics/lib/clearpath_diagnostics/diagnostics_updater
[0.898s] -- Symlinking: /home/ros_ws/install/clearpath_diagnostics/lib/clearpath_diagnostics/battery_state_control
[0.905s] -- Symlinking: /home/ros_ws/install/clearpath_diagnostics/lib/clearpath_diagnostics/battery_state_estimator
[0.911s] -- Symlinking: /home/ros_ws/install/clearpath_diagnostics/share/clearpath_diagnostics/config/diagnostics.yaml
[0.919s] -- Symlinking: /home/ros_ws/install/clearpath_diagnostics/share/clearpath_diagnostics/launch/diagnostics.launch.py
[0.926s] -- Symlinking: /home/ros_ws/install/clearpath_diagnostics/share/ament_index/resource_index/package_run_dependencies/clearpath_diagnostics
[0.932s] -- Symlinking: /home/ros_ws/install/clearpath_diagnostics/share/ament_index/resource_index/parent_prefix_path/clearpath_diagnostics
[0.938s] -- Symlinking: /home/ros_ws/install/clearpath_diagnostics/share/clearpath_diagnostics/environment/ament_prefix_path.sh
[0.945s] -- Symlinking: /home/ros_ws/install/clearpath_diagnostics/share/clearpath_diagnostics/environment/ament_prefix_path.dsv
[0.952s] -- Symlinking: /home/ros_ws/install/clearpath_diagnostics/share/clearpath_diagnostics/environment/path.sh
[0.959s] -- Symlinking: /home/ros_ws/install/clearpath_diagnostics/share/clearpath_diagnostics/environment/path.dsv
[0.965s] -- Symlinking: /home/ros_ws/install/clearpath_diagnostics/share/clearpath_diagnostics/local_setup.bash
[0.973s] -- Symlinking: /home/ros_ws/install/clearpath_diagnostics/share/clearpath_diagnostics/local_setup.sh
[0.979s] -- Symlinking: /home/ros_ws/install/clearpath_diagnostics/share/clearpath_diagnostics/local_setup.zsh
[0.985s] -- Symlinking: /home/ros_ws/install/clearpath_diagnostics/share/clearpath_diagnostics/local_setup.dsv
[0.991s] -- Symlinking: /home/ros_ws/install/clearpath_diagnostics/share/clearpath_diagnostics/package.dsv
[0.997s] -- Symlinking: /home/ros_ws/install/clearpath_diagnostics/share/ament_index/resource_index/packages/clearpath_diagnostics
[1.004s] -- Symlinking: /home/ros_ws/install/clearpath_diagnostics/share/clearpath_diagnostics/cmake/clearpath_diagnosticsConfig.cmake
[1.011s] -- Symlinking: /home/ros_ws/install/clearpath_diagnostics/share/clearpath_diagnostics/cmake/clearpath_diagnosticsConfig-version.cmake
[1.016s] -- Symlinking: /home/ros_ws/install/clearpath_diagnostics/share/clearpath_diagnostics/package.xml
[1.049s] Listing '/home/ros_ws/install/clearpath_diagnostics/local/lib/python3.10/dist-packages/clearpath_diagnostics'...
[1.049s] Compiling '/home/ros_ws/install/clearpath_diagnostics/local/lib/python3.10/dist-packages/clearpath_diagnostics/__init__.py'...
[1.054s] Invoked command in '/home/ros_ws/build/clearpath_diagnostics' returned '0': CMAKE_PREFIX_PATH=${CMAKE_PREFIX_PATH}:/opt/ros/humble _=/usr/bin/env /usr/bin/cmake --install /home/ros_ws/build/clearpath_diagnostics
