[0.010s] Invoking command in '/home/ros_ws/build/husky_description': CMAKE_PREFIX_PATH=/home/ros_ws/install/clearpath_sensors_description:/home/ros_ws/install/clearpath_platform_description:/home/ros_ws/install/husky_simulator:/home/ros_ws/install/husky_description:/home/ros_ws/install/husky_bringup:/home/ros_ws/install/clearpath_viz:/home/ros_ws/install/clearpath_sensors:/home/ros_ws/install/clearpath_diagnostics:/home/ros_ws/install/clearpath_common:/home/ros_ws/install/clearpath_control:/opt/ros/humble _=/usr/bin/env /usr/bin/cmake /home/ros_ws/src/husky_description/husky_description -DAMENT_CMAKE_SYMLINK_INSTALL=1 -DCMAKE_INSTALL_PREFIX=/home/ros_ws/install/husky_description
[0.052s] -- The C compiler identification is GNU 11.4.0
[0.102s] -- The CXX compiler identification is GNU 11.4.0
[0.108s] -- Detecting C compiler ABI info
[0.168s] -- Detecting C compiler ABI info - done
[0.174s] -- Check for working C compiler: /usr/bin/cc - skipped
[0.174s] -- Detecting C compile features
[0.175s] -- Detecting C compile features - done
[0.177s] -- Detecting CXX compiler ABI info
[0.236s] -- Detecting CXX compiler ABI info - done
[0.242s] -- Check for working CXX compiler: /usr/bin/c++ - skipped
[0.242s] -- Detecting CXX compile features
[0.243s] -- Detecting CXX compile features - done
[0.244s] -- Found ament_cmake: 1.3.14 (/opt/ros/humble/share/ament_cmake/cmake)
[0.361s] -- Found Python3: /usr/bin/python3 (found version "3.10.12") found components: Interpreter 
[0.406s] -- Override CMake install command with custom implementation using symlinks instead of copying resources
[0.477s] -- Configuring done
[0.479s] -- Generating done
[0.479s] -- Build files have been written to: /home/ros_ws/build/husky_description
[0.483s] Invoked command in '/home/ros_ws/build/husky_description' returned '0': CMAKE_PREFIX_PATH=/home/ros_ws/install/clearpath_sensors_description:/home/ros_ws/install/clearpath_platform_description:/home/ros_ws/install/husky_simulator:/home/ros_ws/install/husky_description:/home/ros_ws/install/husky_bringup:/home/ros_ws/install/clearpath_viz:/home/ros_ws/install/clearpath_sensors:/home/ros_ws/install/clearpath_diagnostics:/home/ros_ws/install/clearpath_common:/home/ros_ws/install/clearpath_control:/opt/ros/humble _=/usr/bin/env /usr/bin/cmake /home/ros_ws/src/husky_description/husky_description -DAMENT_CMAKE_SYMLINK_INSTALL=1 -DCMAKE_INSTALL_PREFIX=/home/ros_ws/install/husky_description
[0.484s] Invoking command in '/home/ros_ws/build/husky_description': CMAKE_PREFIX_PATH=/home/ros_ws/install/clearpath_sensors_description:/home/ros_ws/install/clearpath_platform_description:/home/ros_ws/install/husky_simulator:/home/ros_ws/install/husky_description:/home/ros_ws/install/husky_bringup:/home/ros_ws/install/clearpath_viz:/home/ros_ws/install/clearpath_sensors:/home/ros_ws/install/clearpath_diagnostics:/home/ros_ws/install/clearpath_common:/home/ros_ws/install/clearpath_control:/opt/ros/humble _=/usr/bin/env /usr/bin/cmake --build /home/ros_ws/build/husky_description -- -j16 -l16
[0.507s] Invoked command in '/home/ros_ws/build/husky_description' returned '0': CMAKE_PREFIX_PATH=/home/ros_ws/install/clearpath_sensors_description:/home/ros_ws/install/clearpath_platform_description:/home/ros_ws/install/husky_simulator:/home/ros_ws/install/husky_description:/home/ros_ws/install/husky_bringup:/home/ros_ws/install/clearpath_viz:/home/ros_ws/install/clearpath_sensors:/home/ros_ws/install/clearpath_diagnostics:/home/ros_ws/install/clearpath_common:/home/ros_ws/install/clearpath_control:/opt/ros/humble _=/usr/bin/env /usr/bin/cmake --build /home/ros_ws/build/husky_description -- -j16 -l16
[0.508s] Invoking command in '/home/ros_ws/build/husky_description': CMAKE_PREFIX_PATH=/home/ros_ws/install/clearpath_sensors_description:/home/ros_ws/install/clearpath_platform_description:/home/ros_ws/install/husky_simulator:/home/ros_ws/install/husky_description:/home/ros_ws/install/husky_bringup:/home/ros_ws/install/clearpath_viz:/home/ros_ws/install/clearpath_sensors:/home/ros_ws/install/clearpath_diagnostics:/home/ros_ws/install/clearpath_common:/home/ros_ws/install/clearpath_control:/opt/ros/humble _=/usr/bin/env /usr/bin/cmake --install /home/ros_ws/build/husky_description
[0.512s] -- Install configuration: ""
[0.512s] -- Execute custom install script
[0.513s] -- Symlinking: /home/ros_ws/install/husky_description/share/husky_description/urdf/robot.urdf.xacro
[0.518s] -- Symlinking: /home/ros_ws/install/husky_description/share/ament_index/resource_index/package_run_dependencies/husky_description
[0.523s] -- Symlinking: /home/ros_ws/install/husky_description/share/ament_index/resource_index/parent_prefix_path/husky_description
[0.530s] -- Symlinking: /home/ros_ws/install/husky_description/share/husky_description/environment/ament_prefix_path.sh
[0.536s] -- Symlinking: /home/ros_ws/install/husky_description/share/husky_description/environment/ament_prefix_path.dsv
[0.541s] -- Symlinking: /home/ros_ws/install/husky_description/share/husky_description/environment/path.sh
[0.547s] -- Symlinking: /home/ros_ws/install/husky_description/share/husky_description/environment/path.dsv
[0.552s] -- Symlinking: /home/ros_ws/install/husky_description/share/husky_description/local_setup.bash
[0.557s] -- Symlinking: /home/ros_ws/install/husky_description/share/husky_description/local_setup.sh
[0.562s] -- Symlinking: /home/ros_ws/install/husky_description/share/husky_description/local_setup.zsh
[0.567s] -- Symlinking: /home/ros_ws/install/husky_description/share/husky_description/local_setup.dsv
[0.572s] -- Symlinking: /home/ros_ws/install/husky_description/share/husky_description/package.dsv
[0.577s] -- Symlinking: /home/ros_ws/install/husky_description/share/ament_index/resource_index/packages/husky_description
[0.583s] -- Symlinking: /home/ros_ws/install/husky_description/share/husky_description/cmake/husky_descriptionConfig.cmake
[0.588s] -- Symlinking: /home/ros_ws/install/husky_description/share/husky_description/cmake/husky_descriptionConfig-version.cmake
[0.593s] -- Symlinking: /home/ros_ws/install/husky_description/share/husky_description/package.xml
[0.599s] Invoked command in '/home/ros_ws/build/husky_description' returned '0': CMAKE_PREFIX_PATH=/home/ros_ws/install/clearpath_sensors_description:/home/ros_ws/install/clearpath_platform_description:/home/ros_ws/install/husky_simulator:/home/ros_ws/install/husky_description:/home/ros_ws/install/husky_bringup:/home/ros_ws/install/clearpath_viz:/home/ros_ws/install/clearpath_sensors:/home/ros_ws/install/clearpath_diagnostics:/home/ros_ws/install/clearpath_common:/home/ros_ws/install/clearpath_control:/opt/ros/humble _=/usr/bin/env /usr/bin/cmake --install /home/ros_ws/build/husky_description
