[0.012s] Invoking command in '/home/ros_ws/build/clearpath_sensors_description': CMAKE_PREFIX_PATH=/opt/ros/humble _=/usr/bin/env /usr/bin/cmake /home/ros_ws/src/husky_description/clearpath_sensors_description -DCMAKE_INSTALL_PREFIX=/home/ros_ws/install/clearpath_sensors_description
[0.051s] -- The C compiler identification is GNU 11.4.0
[0.095s] -- The CXX compiler identification is GNU 11.4.0
[0.102s] -- Detecting C compiler ABI info
[0.153s] -- Detecting C compiler ABI info - done
[0.159s] -- Check for working C compiler: /usr/bin/cc - skipped
[0.159s] -- Detecting C compile features
[0.160s] -- Detecting C compile features - done
[0.161s] -- Detecting CXX compiler ABI info
[0.222s] -- Detecting CXX compiler ABI info - done
[0.227s] -- Check for working CXX compiler: /usr/bin/c++ - skipped
[0.228s] -- Detecting CXX compile features
[0.228s] -- Detecting CXX compile features - done
[0.230s] -- Found ament_cmake: 1.3.14 (/opt/ros/humble/share/ament_cmake/cmake)
[0.350s] -- Found Python3: /usr/bin/python3 (found version "3.10.12") found components: Interpreter 
[0.470s] -- Configuring done
[0.473s] -- Generating done
[0.475s] -- Build files have been written to: /home/ros_ws/build/clearpath_sensors_description
[0.480s] Invoked command in '/home/ros_ws/build/clearpath_sensors_description' returned '0': CMAKE_PREFIX_PATH=/opt/ros/humble _=/usr/bin/env /usr/bin/cmake /home/ros_ws/src/husky_description/clearpath_sensors_description -DCMAKE_INSTALL_PREFIX=/home/ros_ws/install/clearpath_sensors_description
[0.482s] Invoking command in '/home/ros_ws/build/clearpath_sensors_description': CMAKE_PREFIX_PATH=/opt/ros/humble _=/usr/bin/env /usr/bin/cmake --build /home/ros_ws/build/clearpath_sensors_description -- -j16 -l16
[0.509s] Invoked command in '/home/ros_ws/build/clearpath_sensors_description' returned '0': CMAKE_PREFIX_PATH=/opt/ros/humble _=/usr/bin/env /usr/bin/cmake --build /home/ros_ws/build/clearpath_sensors_description -- -j16 -l16
[0.515s] Invoking command in '/home/ros_ws/build/clearpath_sensors_description': CMAKE_PREFIX_PATH=/opt/ros/humble _=/usr/bin/env /usr/bin/cmake --install /home/ros_ws/build/clearpath_sensors_description
[0.521s] -- Install configuration: ""
[0.521s] -- Installing: /home/ros_ws/install/clearpath_sensors_description/share/clearpath_sensors_description/meshes
[0.521s] -- Installing: /home/ros_ws/install/clearpath_sensors_description/share/clearpath_sensors_description/meshes/ublox_antenna.stl
[0.524s] -- Installing: /home/ros_ws/install/clearpath_sensors_description/share/clearpath_sensors_description/meshes/sick_lms1xx_collision.stl
[0.524s] -- Installing: /home/ros_ws/install/clearpath_sensors_description/share/clearpath_sensors_description/meshes/hokuyo_utm30.stl
[0.524s] -- Installing: /home/ros_ws/install/clearpath_sensors_description/share/clearpath_sensors_description/meshes/swift_antenna.stl
[0.524s] -- Installing: /home/ros_ws/install/clearpath_sensors_description/share/clearpath_sensors_description/meshes/novatel_smart6.stl
[0.524s] -- Installing: /home/ros_ws/install/clearpath_sensors_description/share/clearpath_sensors_description/meshes/flir_blackfly.stl
[0.525s] -- Installing: /home/ros_ws/install/clearpath_sensors_description/share/clearpath_sensors_description/meshes/realsense_d455.stl
[0.526s] -- Installing: /home/ros_ws/install/clearpath_sensors_description/share/clearpath_sensors_description/meshes/front_camera_support.stl
[0.526s] -- Installing: /home/ros_ws/install/clearpath_sensors_description/share/clearpath_sensors_description/meshes/zed2i.stl
[0.527s] -- Installing: /home/ros_ws/install/clearpath_sensors_description/share/clearpath_sensors_description/meshes/sick_lms1xx_small.dae
[0.527s] -- Installing: /home/ros_ws/install/clearpath_sensors_description/share/clearpath_sensors_description/meshes/hokuyo_ust.stl
[0.527s] -- Installing: /home/ros_ws/install/clearpath_sensors_description/share/clearpath_sensors_description/meshes/novatel_smart7.stl
[0.527s] -- Installing: /home/ros_ws/install/clearpath_sensors_description/share/clearpath_sensors_description/urdf
[0.527s] -- Installing: /home/ros_ws/install/clearpath_sensors_description/share/clearpath_sensors_description/urdf/ublox_antenna.urdf.xacro
[0.527s] -- Installing: /home/ros_ws/install/clearpath_sensors_description/share/clearpath_sensors_description/urdf/chrobotics_um6.urdf.xacro
[0.527s] -- Installing: /home/ros_ws/install/clearpath_sensors_description/share/clearpath_sensors_description/urdf/novatel_smart7.urdf.xacro
[0.527s] -- Installing: /home/ros_ws/install/clearpath_sensors_description/share/clearpath_sensors_description/urdf/stereolabs_zed.urdf.xacro
[0.527s] -- Installing: /home/ros_ws/install/clearpath_sensors_description/share/clearpath_sensors_description/urdf/microstrain_gq7.urdf.xacro
[0.527s] -- Installing: /home/ros_ws/install/clearpath_sensors_description/share/clearpath_sensors_description/urdf/zed.urdf.xacro
[0.527s] -- Installing: /home/ros_ws/install/clearpath_sensors_description/share/clearpath_sensors_description/urdf/swiftnav_duro.urdf.xacro
[0.527s] -- Installing: /home/ros_ws/install/clearpath_sensors_description/share/clearpath_sensors_description/urdf/sick_lms1xx.urdf.xacro
[0.527s] -- Installing: /home/ros_ws/install/clearpath_sensors_description/share/clearpath_sensors_description/urdf/hokuyo_ust.urdf.xacro
[0.529s] -- Installing: /home/ros_ws/install/clearpath_sensors_description/share/clearpath_sensors_description/urdf/intel_realsense.urdf.xacro
[0.529s] -- Installing: /home/ros_ws/install/clearpath_sensors_description/share/clearpath_sensors_description/urdf/redshift_um7.urdf.xacro
[0.529s] -- Installing: /home/ros_ws/install/clearpath_sensors_description/share/clearpath_sensors_description/urdf/zed.gazebo.xacro
[0.529s] -- Installing: /home/ros_ws/install/clearpath_sensors_description/share/clearpath_sensors_description/urdf/flir_blackfly.urdf.xacro
[0.529s] -- Installing: /home/ros_ws/install/clearpath_sensors_description/share/clearpath_sensors_description/urdf/realsense_d455.urdf.xacro
[0.529s] -- Installing: /home/ros_ws/install/clearpath_sensors_description/share/clearpath_sensors_description/urdf/velodyne_lidar.urdf.xacro
[0.530s] -- Installing: /home/ros_ws/install/clearpath_sensors_description/share/clearpath_sensors_description/urdf/garmin_18x.urdf.xacro
[0.530s] -- Installing: /home/ros_ws/install/clearpath_sensors_description/share/clearpath_sensors_description/urdf/microstrain_imu.urdf.xacro
[0.530s] -- Installing: /home/ros_ws/install/clearpath_sensors_description/share/clearpath_sensors_description/urdf/novatel_smart6.urdf.xacro
[0.530s] -- Installing: /home/ros_ws/install/clearpath_sensors_description/share/ament_index/resource_index/package_run_dependencies/clearpath_sensors_description
[0.530s] -- Installing: /home/ros_ws/install/clearpath_sensors_description/share/ament_index/resource_index/parent_prefix_path/clearpath_sensors_description
[0.530s] -- Installing: /home/ros_ws/install/clearpath_sensors_description/share/clearpath_sensors_description/environment/ament_prefix_path.sh
[0.530s] -- Installing: /home/ros_ws/install/clearpath_sensors_description/share/clearpath_sensors_description/environment/ament_prefix_path.dsv
[0.530s] -- Installing: /home/ros_ws/install/clearpath_sensors_description/share/clearpath_sensors_description/environment/path.sh
[0.530s] -- Installing: /home/ros_ws/install/clearpath_sensors_description/share/clearpath_sensors_description/environment/path.dsv
[0.530s] -- Installing: /home/ros_ws/install/clearpath_sensors_description/share/clearpath_sensors_description/local_setup.bash
[0.530s] -- Installing: /home/ros_ws/install/clearpath_sensors_description/share/clearpath_sensors_description/local_setup.sh
[0.530s] -- Installing: /home/ros_ws/install/clearpath_sensors_description/share/clearpath_sensors_description/local_setup.zsh
[0.530s] -- Installing: /home/ros_ws/install/clearpath_sensors_description/share/clearpath_sensors_description/local_setup.dsv
[0.530s] -- Installing: /home/ros_ws/install/clearpath_sensors_description/share/clearpath_sensors_description/package.dsv
[0.530s] -- Installing: /home/ros_ws/install/clearpath_sensors_description/share/ament_index/resource_index/packages/clearpath_sensors_description
[0.530s] -- Installing: /home/ros_ws/install/clearpath_sensors_description/share/clearpath_sensors_description/cmake/clearpath_sensors_descriptionConfig.cmake
[0.530s] -- Installing: /home/ros_ws/install/clearpath_sensors_description/share/clearpath_sensors_description/cmake/clearpath_sensors_descriptionConfig-version.cmake
[0.530s] -- Installing: /home/ros_ws/install/clearpath_sensors_description/share/clearpath_sensors_description/package.xml
[0.554s] Invoked command in '/home/ros_ws/build/clearpath_sensors_description' returned '0': CMAKE_PREFIX_PATH=/opt/ros/humble _=/usr/bin/env /usr/bin/cmake --install /home/ros_ws/build/clearpath_sensors_description
