[0.010s] Invoking command in '/home/ros_ws/build/clearpath_common': CMAKE_PREFIX_PATH=/home/ros_ws/install/clearpath_control:/home/ros_ws/install/husky_simulator:/home/ros_ws/install/husky_description:/home/ros_ws/install/husky_bringup:/home/ros_ws/install/clearpath_viz:/home/ros_ws/install/clearpath_sensors_description:/home/ros_ws/install/clearpath_sensors:/home/ros_ws/install/clearpath_platform_description:/home/ros_ws/install/clearpath_diagnostics:/home/ros_ws/install/clearpath_common:/opt/ros/humble _=/usr/bin/env /usr/bin/cmake /home/ros_ws/src/husky_bringup/clearpath_common -DAMENT_CMAKE_SYMLINK_INSTALL=1 -DCMAKE_INSTALL_PREFIX=/home/ros_ws/install/clearpath_common
[0.023s] -- Found ament_cmake: 1.3.14 (/opt/ros/humble/share/ament_cmake/cmake)
[0.162s] -- Found Python3: /usr/bin/python3 (found version "3.10.12") found components: Interpreter 
[0.215s] -- Override CMake install command with custom implementation using symlinks instead of copying resources
[0.299s] -- Configuring done
[0.300s] -- Generating done
[0.302s] -- Build files have been written to: /home/ros_ws/build/clearpath_common
[0.304s] Invoked command in '/home/ros_ws/build/clearpath_common' returned '0': CMAKE_PREFIX_PATH=/home/ros_ws/install/clearpath_control:/home/ros_ws/install/husky_simulator:/home/ros_ws/install/husky_description:/home/ros_ws/install/husky_bringup:/home/ros_ws/install/clearpath_viz:/home/ros_ws/install/clearpath_sensors_description:/home/ros_ws/install/clearpath_sensors:/home/ros_ws/install/clearpath_platform_description:/home/ros_ws/install/clearpath_diagnostics:/home/ros_ws/install/clearpath_common:/opt/ros/humble _=/usr/bin/env /usr/bin/cmake /home/ros_ws/src/husky_bringup/clearpath_common -DAMENT_CMAKE_SYMLINK_INSTALL=1 -DCMAKE_INSTALL_PREFIX=/home/ros_ws/install/clearpath_common
[0.305s] Invoking command in '/home/ros_ws/build/clearpath_common': CMAKE_PREFIX_PATH=/home/ros_ws/install/clearpath_control:/home/ros_ws/install/husky_simulator:/home/ros_ws/install/husky_description:/home/ros_ws/install/husky_bringup:/home/ros_ws/install/clearpath_viz:/home/ros_ws/install/clearpath_sensors_description:/home/ros_ws/install/clearpath_sensors:/home/ros_ws/install/clearpath_platform_description:/home/ros_ws/install/clearpath_diagnostics:/home/ros_ws/install/clearpath_common:/opt/ros/humble _=/usr/bin/env /usr/bin/cmake --build /home/ros_ws/build/clearpath_common -- -j16 -l16
[0.331s] Invoked command in '/home/ros_ws/build/clearpath_common' returned '0': CMAKE_PREFIX_PATH=/home/ros_ws/install/clearpath_control:/home/ros_ws/install/husky_simulator:/home/ros_ws/install/husky_description:/home/ros_ws/install/husky_bringup:/home/ros_ws/install/clearpath_viz:/home/ros_ws/install/clearpath_sensors_description:/home/ros_ws/install/clearpath_sensors:/home/ros_ws/install/clearpath_platform_description:/home/ros_ws/install/clearpath_diagnostics:/home/ros_ws/install/clearpath_common:/opt/ros/humble _=/usr/bin/env /usr/bin/cmake --build /home/ros_ws/build/clearpath_common -- -j16 -l16
[0.333s] Invoking command in '/home/ros_ws/build/clearpath_common': CMAKE_PREFIX_PATH=/home/ros_ws/install/clearpath_control:/home/ros_ws/install/husky_simulator:/home/ros_ws/install/husky_description:/home/ros_ws/install/husky_bringup:/home/ros_ws/install/clearpath_viz:/home/ros_ws/install/clearpath_sensors_description:/home/ros_ws/install/clearpath_sensors:/home/ros_ws/install/clearpath_platform_description:/home/ros_ws/install/clearpath_diagnostics:/home/ros_ws/install/clearpath_common:/opt/ros/humble _=/usr/bin/env /usr/bin/cmake --install /home/ros_ws/build/clearpath_common
[0.337s] -- Install configuration: ""
[0.338s] -- Execute custom install script
[0.338s] -- Symlinking: /home/ros_ws/install/clearpath_common/share/clearpath_common/launch/platform.launch.py
[0.344s] -- Symlinking: /home/ros_ws/install/clearpath_common/share/ament_index/resource_index/package_run_dependencies/clearpath_common
[0.349s] -- Symlinking: /home/ros_ws/install/clearpath_common/share/ament_index/resource_index/parent_prefix_path/clearpath_common
[0.355s] -- Symlinking: /home/ros_ws/install/clearpath_common/share/clearpath_common/environment/ament_prefix_path.sh
[0.361s] -- Symlinking: /home/ros_ws/install/clearpath_common/share/clearpath_common/environment/ament_prefix_path.dsv
[0.366s] -- Symlinking: /home/ros_ws/install/clearpath_common/share/clearpath_common/environment/path.sh
[0.373s] -- Symlinking: /home/ros_ws/install/clearpath_common/share/clearpath_common/environment/path.dsv
[0.378s] -- Symlinking: /home/ros_ws/install/clearpath_common/share/clearpath_common/local_setup.bash
[0.384s] -- Symlinking: /home/ros_ws/install/clearpath_common/share/clearpath_common/local_setup.sh
[0.389s] -- Symlinking: /home/ros_ws/install/clearpath_common/share/clearpath_common/local_setup.zsh
[0.395s] -- Symlinking: /home/ros_ws/install/clearpath_common/share/clearpath_common/local_setup.dsv
[0.401s] -- Symlinking: /home/ros_ws/install/clearpath_common/share/clearpath_common/package.dsv
[0.406s] -- Symlinking: /home/ros_ws/install/clearpath_common/share/ament_index/resource_index/packages/clearpath_common
[0.412s] -- Symlinking: /home/ros_ws/install/clearpath_common/share/clearpath_common/cmake/clearpath_commonConfig.cmake
[0.416s] -- Symlinking: /home/ros_ws/install/clearpath_common/share/clearpath_common/cmake/clearpath_commonConfig-version.cmake
[0.421s] -- Symlinking: /home/ros_ws/install/clearpath_common/share/clearpath_common/package.xml
[0.428s] Invoked command in '/home/ros_ws/build/clearpath_common' returned '0': CMAKE_PREFIX_PATH=/home/ros_ws/install/clearpath_control:/home/ros_ws/install/husky_simulator:/home/ros_ws/install/husky_description:/home/ros_ws/install/husky_bringup:/home/ros_ws/install/clearpath_viz:/home/ros_ws/install/clearpath_sensors_description:/home/ros_ws/install/clearpath_sensors:/home/ros_ws/install/clearpath_platform_description:/home/ros_ws/install/clearpath_diagnostics:/home/ros_ws/install/clearpath_common:/opt/ros/humble _=/usr/bin/env /usr/bin/cmake --install /home/ros_ws/build/clearpath_common
