[0.035s] Invoking command in '/home/ros_ws/build/clearpath_common': AMENT_PREFIX_PATH=/home/ros_ws/install/clearpath_control:${AMENT_PREFIX_PATH} CMAKE_PREFIX_PATH=/home/ros_ws/install/clearpath_control:/opt/ros/humble _=/usr/bin/env /usr/bin/cmake /home/ros_ws/src/husky_bringup/clearpath_common -DCMAKE_INSTALL_PREFIX=/home/ros_ws/install/clearpath_common
[0.047s] -- Found ament_cmake: 1.3.14 (/opt/ros/humble/share/ament_cmake/cmake)
[0.179s] -- Found Python3: /usr/bin/python3 (found version "3.10.12") found components: Interpreter 
[0.300s] -- Configuring done
[0.301s] -- Generating done
[0.303s] -- Build files have been written to: /home/ros_ws/build/clearpath_common
[0.306s] Invoked command in '/home/ros_ws/build/clearpath_common' returned '0': AMENT_PREFIX_PATH=/home/ros_ws/install/clearpath_control:${AMENT_PREFIX_PATH} CMAKE_PREFIX_PATH=/home/ros_ws/install/clearpath_control:/opt/ros/humble _=/usr/bin/env /usr/bin/cmake /home/ros_ws/src/husky_bringup/clearpath_common -DCMAKE_INSTALL_PREFIX=/home/ros_ws/install/clearpath_common
[0.307s] Invoking command in '/home/ros_ws/build/clearpath_common': AMENT_PREFIX_PATH=/home/ros_ws/install/clearpath_control:${AMENT_PREFIX_PATH} CMAKE_PREFIX_PATH=/home/ros_ws/install/clearpath_control:/opt/ros/humble _=/usr/bin/env /usr/bin/cmake --build /home/ros_ws/build/clearpath_common -- -j16 -l16
[0.335s] Invoked command in '/home/ros_ws/build/clearpath_common' returned '0': AMENT_PREFIX_PATH=/home/ros_ws/install/clearpath_control:${AMENT_PREFIX_PATH} CMAKE_PREFIX_PATH=/home/ros_ws/install/clearpath_control:/opt/ros/humble _=/usr/bin/env /usr/bin/cmake --build /home/ros_ws/build/clearpath_common -- -j16 -l16
[0.336s] Invoking command in '/home/ros_ws/build/clearpath_common': AMENT_PREFIX_PATH=/home/ros_ws/install/clearpath_control:${AMENT_PREFIX_PATH} CMAKE_PREFIX_PATH=/home/ros_ws/install/clearpath_control:/opt/ros/humble _=/usr/bin/env /usr/bin/cmake --install /home/ros_ws/build/clearpath_common
[0.341s] -- Install configuration: ""
[0.342s] -- Installing: /home/ros_ws/install/clearpath_common/share/clearpath_common/launch
[0.342s] -- Installing: /home/ros_ws/install/clearpath_common/share/clearpath_common/launch/platform.launch.py
[0.342s] -- Installing: /home/ros_ws/install/clearpath_common/share/ament_index/resource_index/package_run_dependencies/clearpath_common
[0.342s] -- Installing: /home/ros_ws/install/clearpath_common/share/ament_index/resource_index/parent_prefix_path/clearpath_common
[0.342s] -- Installing: /home/ros_ws/install/clearpath_common/share/clearpath_common/environment/ament_prefix_path.sh
[0.342s] -- Installing: /home/ros_ws/install/clearpath_common/share/clearpath_common/environment/ament_prefix_path.dsv
[0.342s] -- Installing: /home/ros_ws/install/clearpath_common/share/clearpath_common/environment/path.sh
[0.342s] -- Installing: /home/ros_ws/install/clearpath_common/share/clearpath_common/environment/path.dsv
[0.342s] -- Installing: /home/ros_ws/install/clearpath_common/share/clearpath_common/local_setup.bash
[0.342s] -- Installing: /home/ros_ws/install/clearpath_common/share/clearpath_common/local_setup.sh
[0.342s] -- Installing: /home/ros_ws/install/clearpath_common/share/clearpath_common/local_setup.zsh
[0.342s] -- Installing: /home/ros_ws/install/clearpath_common/share/clearpath_common/local_setup.dsv
[0.342s] -- Installing: /home/ros_ws/install/clearpath_common/share/clearpath_common/package.dsv
[0.342s] -- Installing: /home/ros_ws/install/clearpath_common/share/ament_index/resource_index/packages/clearpath_common
[0.343s] -- Installing: /home/ros_ws/install/clearpath_common/share/clearpath_common/cmake/clearpath_commonConfig.cmake
[0.343s] -- Installing: /home/ros_ws/install/clearpath_common/share/clearpath_common/cmake/clearpath_commonConfig-version.cmake
[0.343s] -- Installing: /home/ros_ws/install/clearpath_common/share/clearpath_common/package.xml
[0.344s] Invoked command in '/home/ros_ws/build/clearpath_common' returned '0': AMENT_PREFIX_PATH=/home/ros_ws/install/clearpath_control:${AMENT_PREFIX_PATH} CMAKE_PREFIX_PATH=/home/ros_ws/install/clearpath_control:/opt/ros/humble _=/usr/bin/env /usr/bin/cmake --install /home/ros_ws/build/clearpath_common
