[0.017s] Invoking command in '/home/ros_ws/build/clearpath_viz': AMENT_PREFIX_PATH=/home/ros_ws/install/clearpath_platform_description:${AMENT_PREFIX_PATH} CMAKE_PREFIX_PATH=/home/ros_ws/install/clearpath_platform_description:/opt/ros/humble _=/usr/bin/env /usr/bin/cmake /home/ros_ws/src/husky_description/clearpath_viz -DCMAKE_INSTALL_PREFIX=/home/ros_ws/install/clearpath_viz
[0.059s] -- The C compiler identification is GNU 11.4.0
[0.102s] -- The CXX compiler identification is GNU 11.4.0
[0.107s] -- Detecting C compiler ABI info
[0.160s] -- Detecting C compiler ABI info - done
[0.170s] -- Check for working C compiler: /usr/bin/cc - skipped
[0.170s] -- Detecting C compile features
[0.171s] -- Detecting C compile features - done
[0.174s] -- Detecting CXX compiler ABI info
[0.237s] -- Detecting CXX compiler ABI info - done
[0.242s] -- Check for working CXX compiler: /usr/bin/c++ - skipped
[0.243s] -- Detecting CXX compile features
[0.243s] -- Detecting CXX compile features - done
[0.245s] -- Found ament_cmake: 1.3.14 (/opt/ros/humble/share/ament_cmake/cmake)
[0.363s] -- Found Python3: /usr/bin/python3 (found version "3.10.12") found components: Interpreter 
[0.474s] -- Configuring done
[0.476s] -- Generating done
[0.477s] -- Build files have been written to: /home/ros_ws/build/clearpath_viz
[0.483s] Invoked command in '/home/ros_ws/build/clearpath_viz' returned '0': AMENT_PREFIX_PATH=/home/ros_ws/install/clearpath_platform_description:${AMENT_PREFIX_PATH} CMAKE_PREFIX_PATH=/home/ros_ws/install/clearpath_platform_description:/opt/ros/humble _=/usr/bin/env /usr/bin/cmake /home/ros_ws/src/husky_description/clearpath_viz -DCMAKE_INSTALL_PREFIX=/home/ros_ws/install/clearpath_viz
[0.484s] Invoking command in '/home/ros_ws/build/clearpath_viz': AMENT_PREFIX_PATH=/home/ros_ws/install/clearpath_platform_description:${AMENT_PREFIX_PATH} CMAKE_PREFIX_PATH=/home/ros_ws/install/clearpath_platform_description:/opt/ros/humble _=/usr/bin/env /usr/bin/cmake --build /home/ros_ws/build/clearpath_viz -- -j16 -l16
[0.510s] Invoked command in '/home/ros_ws/build/clearpath_viz' returned '0': AMENT_PREFIX_PATH=/home/ros_ws/install/clearpath_platform_description:${AMENT_PREFIX_PATH} CMAKE_PREFIX_PATH=/home/ros_ws/install/clearpath_platform_description:/opt/ros/humble _=/usr/bin/env /usr/bin/cmake --build /home/ros_ws/build/clearpath_viz -- -j16 -l16
[0.510s] Invoking command in '/home/ros_ws/build/clearpath_viz': AMENT_PREFIX_PATH=/home/ros_ws/install/clearpath_platform_description:${AMENT_PREFIX_PATH} CMAKE_PREFIX_PATH=/home/ros_ws/install/clearpath_platform_description:/opt/ros/humble _=/usr/bin/env /usr/bin/cmake --install /home/ros_ws/build/clearpath_viz
[0.515s] -- Install configuration: ""
[0.515s] -- Installing: /home/ros_ws/install/clearpath_viz/share/clearpath_viz/launch
[0.516s] -- Installing: /home/ros_ws/install/clearpath_viz/share/clearpath_viz/launch/view_navigation.launch.py
[0.516s] -- Installing: /home/ros_ws/install/clearpath_viz/share/clearpath_viz/launch/view_moveit.launch.py
[0.516s] -- Installing: /home/ros_ws/install/clearpath_viz/share/clearpath_viz/launch/view_model.launch.py
[0.516s] -- Installing: /home/ros_ws/install/clearpath_viz/share/clearpath_viz/launch/view_robot.launch.py
[0.516s] -- Installing: /home/ros_ws/install/clearpath_viz/share/clearpath_viz/launch/view_outdoor_navigation.launch.py
[0.516s] -- Installing: /home/ros_ws/install/clearpath_viz/share/clearpath_viz/launch/view_diagnostics.launch.py
[0.517s] -- Installing: /home/ros_ws/install/clearpath_viz/share/clearpath_viz/launch/view_dynamic_navigation.launch.py
[0.517s] -- Installing: /home/ros_ws/install/clearpath_viz/share/clearpath_viz/rviz
[0.517s] -- Installing: /home/ros_ws/install/clearpath_viz/share/clearpath_viz/rviz/robot.rviz
[0.517s] -- Installing: /home/ros_ws/install/clearpath_viz/share/clearpath_viz/rviz/dynamic_nav2.rviz
[0.517s] -- Installing: /home/ros_ws/install/clearpath_viz/share/clearpath_viz/rviz/model.rviz
[0.517s] -- Installing: /home/ros_ws/install/clearpath_viz/share/clearpath_viz/rviz/nav2.rviz
[0.517s] -- Installing: /home/ros_ws/install/clearpath_viz/share/clearpath_viz/rviz/moveit.rviz
[0.517s] -- Installing: /home/ros_ws/install/clearpath_viz/share/clearpath_viz/rviz/outdoor_nav2.rviz
[0.517s] -- Installing: /home/ros_ws/install/clearpath_viz/share/ament_index/resource_index/package_run_dependencies/clearpath_viz
[0.517s] -- Installing: /home/ros_ws/install/clearpath_viz/share/ament_index/resource_index/parent_prefix_path/clearpath_viz
[0.517s] -- Installing: /home/ros_ws/install/clearpath_viz/share/clearpath_viz/environment/ament_prefix_path.sh
[0.517s] -- Installing: /home/ros_ws/install/clearpath_viz/share/clearpath_viz/environment/ament_prefix_path.dsv
[0.517s] -- Installing: /home/ros_ws/install/clearpath_viz/share/clearpath_viz/environment/path.sh
[0.517s] -- Installing: /home/ros_ws/install/clearpath_viz/share/clearpath_viz/environment/path.dsv
[0.517s] -- Installing: /home/ros_ws/install/clearpath_viz/share/clearpath_viz/local_setup.bash
[0.517s] -- Installing: /home/ros_ws/install/clearpath_viz/share/clearpath_viz/local_setup.sh
[0.517s] -- Installing: /home/ros_ws/install/clearpath_viz/share/clearpath_viz/local_setup.zsh
[0.518s] -- Installing: /home/ros_ws/install/clearpath_viz/share/clearpath_viz/local_setup.dsv
[0.518s] -- Installing: /home/ros_ws/install/clearpath_viz/share/clearpath_viz/package.dsv
[0.518s] -- Installing: /home/ros_ws/install/clearpath_viz/share/ament_index/resource_index/packages/clearpath_viz
[0.518s] -- Installing: /home/ros_ws/install/clearpath_viz/share/clearpath_viz/cmake/clearpath_vizConfig.cmake
[0.518s] -- Installing: /home/ros_ws/install/clearpath_viz/share/clearpath_viz/cmake/clearpath_vizConfig-version.cmake
[0.518s] -- Installing: /home/ros_ws/install/clearpath_viz/share/clearpath_viz/package.xml
[0.529s] Invoked command in '/home/ros_ws/build/clearpath_viz' returned '0': AMENT_PREFIX_PATH=/home/ros_ws/install/clearpath_platform_description:${AMENT_PREFIX_PATH} CMAKE_PREFIX_PATH=/home/ros_ws/install/clearpath_platform_description:/opt/ros/humble _=/usr/bin/env /usr/bin/cmake --install /home/ros_ws/build/clearpath_viz
