[0.022s] Invoking command in '/home/ros_ws/build/clearpath_sensors': CMAKE_PREFIX_PATH=${CMAKE_PREFIX_PATH}:/opt/ros/humble _=/usr/bin/env /usr/bin/cmake /home/ros_ws/src/husky_bringup/clearpath_sensors -DAMENT_CMAKE_SYMLINK_INSTALL=1 -DCMAKE_INSTALL_PREFIX=/home/ros_ws/install/clearpath_sensors
[0.076s] -- The C compiler identification is GNU 11.4.0
[0.121s] -- The CXX compiler identification is GNU 11.4.0
[0.126s] -- Detecting C compiler ABI info
[0.176s] -- Detecting C compiler ABI info - done
[0.183s] -- Check for working C compiler: /usr/bin/cc - skipped
[0.183s] -- Detecting C compile features
[0.183s] -- Detecting C compile features - done
[0.186s] -- Detecting CXX compiler ABI info
[0.249s] -- Detecting CXX compiler ABI info - done
[0.255s] -- Check for working CXX compiler: /usr/bin/c++ - skipped
[0.255s] -- Detecting CXX compile features
[0.255s] -- Detecting CXX compile features - done
[0.257s] -- Found ament_cmake: 1.3.14 (/opt/ros/humble/share/ament_cmake/cmake)
[0.371s] -- Found Python3: /usr/bin/python3 (found version "3.10.12") found components: Interpreter 
[0.428s] -- Override CMake install command with custom implementation using symlinks instead of copying resources
[0.451s] -- Found ament_lint_auto: 0.12.15 (/opt/ros/humble/share/ament_lint_auto/cmake)
[0.518s] -- Added test 'flake8' to check Python code syntax and style conventions
[0.519s] -- Added test 'lint_cmake' to check CMake code style
[0.519s] -- Added test 'pep257' to check Python code against some of the docstring style conventions in PEP 257
[0.520s] -- Added test 'xmllint' to check XML markup files
[0.522s] -- Configuring done
[0.524s] -- Generating done
[0.525s] -- Build files have been written to: /home/ros_ws/build/clearpath_sensors
[0.528s] Invoked command in '/home/ros_ws/build/clearpath_sensors' returned '0': CMAKE_PREFIX_PATH=${CMAKE_PREFIX_PATH}:/opt/ros/humble _=/usr/bin/env /usr/bin/cmake /home/ros_ws/src/husky_bringup/clearpath_sensors -DAMENT_CMAKE_SYMLINK_INSTALL=1 -DCMAKE_INSTALL_PREFIX=/home/ros_ws/install/clearpath_sensors
[0.529s] Invoking command in '/home/ros_ws/build/clearpath_sensors': CMAKE_PREFIX_PATH=${CMAKE_PREFIX_PATH}:/opt/ros/humble _=/usr/bin/env /usr/bin/cmake --build /home/ros_ws/build/clearpath_sensors -- -j16 -l16
[0.554s] Invoked command in '/home/ros_ws/build/clearpath_sensors' returned '0': CMAKE_PREFIX_PATH=${CMAKE_PREFIX_PATH}:/opt/ros/humble _=/usr/bin/env /usr/bin/cmake --build /home/ros_ws/build/clearpath_sensors -- -j16 -l16
[0.556s] Invoking command in '/home/ros_ws/build/clearpath_sensors': CMAKE_PREFIX_PATH=${CMAKE_PREFIX_PATH}:/opt/ros/humble _=/usr/bin/env /usr/bin/cmake --install /home/ros_ws/build/clearpath_sensors
[0.560s] -- Install configuration: ""
[0.560s] -- Execute custom install script
[0.560s] -- Symlinking: /home/ros_ws/install/clearpath_sensors/share/clearpath_sensors/config/axis_camera.yaml
[0.565s] -- Symlinking: /home/ros_ws/install/clearpath_sensors/share/clearpath_sensors/config/chrobotics_um6.yaml
[0.572s] -- Symlinking: /home/ros_ws/install/clearpath_sensors/share/clearpath_sensors/config/flir_blackfly.yaml
[0.577s] -- Symlinking: /home/ros_ws/install/clearpath_sensors/share/clearpath_sensors/config/garmin_18x.yaml
[0.581s] -- Symlinking: /home/ros_ws/install/clearpath_sensors/share/clearpath_sensors/config/hokuyo_ust.yaml
[0.588s] -- Symlinking: /home/ros_ws/install/clearpath_sensors/share/clearpath_sensors/config/image_rectify.yaml
[0.594s] -- Symlinking: /home/ros_ws/install/clearpath_sensors/share/clearpath_sensors/config/image_resize.yaml
[0.600s] -- Symlinking: /home/ros_ws/install/clearpath_sensors/share/clearpath_sensors/config/imu_filter.yaml
[0.605s] -- Symlinking: /home/ros_ws/install/clearpath_sensors/share/clearpath_sensors/config/intel_realsense.yaml
[0.611s] -- Symlinking: /home/ros_ws/install/clearpath_sensors/share/clearpath_sensors/config/luxonis_oakd.yaml
[0.616s] -- Symlinking: /home/ros_ws/install/clearpath_sensors/share/clearpath_sensors/config/microstrain_gq7.yaml
[0.623s] -- Symlinking: /home/ros_ws/install/clearpath_sensors/share/clearpath_sensors/config/microstrain_imu.yaml
[0.628s] -- Symlinking: /home/ros_ws/install/clearpath_sensors/share/clearpath_sensors/config/novatel_smart6.yaml
[0.633s] -- Symlinking: /home/ros_ws/install/clearpath_sensors/share/clearpath_sensors/config/novatel_smart7.yaml
[0.639s] -- Symlinking: /home/ros_ws/install/clearpath_sensors/share/clearpath_sensors/config/ouster_os1.yaml
[0.644s] -- Symlinking: /home/ros_ws/install/clearpath_sensors/share/clearpath_sensors/config/phidgets_spatial.yaml
[0.650s] -- Symlinking: /home/ros_ws/install/clearpath_sensors/share/clearpath_sensors/config/redshift_um7.yaml
[0.657s] -- Symlinking: /home/ros_ws/install/clearpath_sensors/share/clearpath_sensors/config/sick_lms1xx.yaml
[0.664s] -- Symlinking: /home/ros_ws/install/clearpath_sensors/share/clearpath_sensors/config/stereolabs_zed.yaml
[0.670s] -- Symlinking: /home/ros_ws/install/clearpath_sensors/share/clearpath_sensors/config/swiftnav_duro.yaml
[0.675s] -- Symlinking: /home/ros_ws/install/clearpath_sensors/share/clearpath_sensors/config/velodyne_lidar.yaml
[0.682s] -- Symlinking: /home/ros_ws/install/clearpath_sensors/share/clearpath_sensors/launch/axis_camera.launch.py
[0.687s] -- Symlinking: /home/ros_ws/install/clearpath_sensors/share/clearpath_sensors/launch/chrobotics_um6.launch.py
[0.694s] -- Symlinking: /home/ros_ws/install/clearpath_sensors/share/clearpath_sensors/launch/flir_blackfly.launch.py
[0.699s] -- Symlinking: /home/ros_ws/install/clearpath_sensors/share/clearpath_sensors/launch/garmin_18x.launch.py
[0.706s] -- Symlinking: /home/ros_ws/install/clearpath_sensors/share/clearpath_sensors/launch/hokuyo_ust.launch.py
[0.711s] -- Symlinking: /home/ros_ws/install/clearpath_sensors/share/clearpath_sensors/launch/image_compressed_to_raw.launch.py
[0.717s] -- Symlinking: /home/ros_ws/install/clearpath_sensors/share/clearpath_sensors/launch/image_ffmpeg_to_raw.launch.py
[0.724s] -- Symlinking: /home/ros_ws/install/clearpath_sensors/share/clearpath_sensors/launch/image_raw_to_compressed.launch.py
[0.731s] -- Symlinking: /home/ros_ws/install/clearpath_sensors/share/clearpath_sensors/launch/image_raw_to_ffmpeg.launch.py
[0.739s] -- Symlinking: /home/ros_ws/install/clearpath_sensors/share/clearpath_sensors/launch/image_raw_to_theora.launch.py
[0.745s] -- Symlinking: /home/ros_ws/install/clearpath_sensors/share/clearpath_sensors/launch/image_rectify.launch.py
[0.751s] -- Symlinking: /home/ros_ws/install/clearpath_sensors/share/clearpath_sensors/launch/image_resize.launch.py
[0.757s] -- Symlinking: /home/ros_ws/install/clearpath_sensors/share/clearpath_sensors/launch/image_theora_to_raw.launch.py
[0.762s] -- Symlinking: /home/ros_ws/install/clearpath_sensors/share/clearpath_sensors/launch/imu_filter.launch.py
[0.767s] -- Symlinking: /home/ros_ws/install/clearpath_sensors/share/clearpath_sensors/launch/intel_realsense.launch.py
[0.774s] -- Symlinking: /home/ros_ws/install/clearpath_sensors/share/clearpath_sensors/launch/luxonis_oakd.launch.py
[0.781s] -- Symlinking: /home/ros_ws/install/clearpath_sensors/share/clearpath_sensors/launch/microstrain_gq7.launch.py
[0.787s] -- Symlinking: /home/ros_ws/install/clearpath_sensors/share/clearpath_sensors/launch/microstrain_imu.launch.py
[0.795s] -- Symlinking: /home/ros_ws/install/clearpath_sensors/share/clearpath_sensors/launch/novatel_smart6.launch.py
[0.802s] -- Symlinking: /home/ros_ws/install/clearpath_sensors/share/clearpath_sensors/launch/novatel_smart7.launch.py
[0.808s] -- Symlinking: /home/ros_ws/install/clearpath_sensors/share/clearpath_sensors/launch/ouster_os1.launch.py
[0.814s] -- Symlinking: /home/ros_ws/install/clearpath_sensors/share/clearpath_sensors/launch/phidgets_spatial.launch.py
[0.821s] -- Symlinking: /home/ros_ws/install/clearpath_sensors/share/clearpath_sensors/launch/redshift_um7.launch.py
[0.827s] -- Symlinking: /home/ros_ws/install/clearpath_sensors/share/clearpath_sensors/launch/sick_lms1xx.launch.py
[0.832s] -- Symlinking: /home/ros_ws/install/clearpath_sensors/share/clearpath_sensors/launch/stereolabs_zed.launch.py
[0.837s] -- Symlinking: /home/ros_ws/install/clearpath_sensors/share/clearpath_sensors/launch/swiftnav_duro.launch.py
[0.843s] -- Symlinking: /home/ros_ws/install/clearpath_sensors/share/clearpath_sensors/launch/velodyne_lidar.launch.py
[0.849s] -- Symlinking: /home/ros_ws/install/clearpath_sensors/share/ament_index/resource_index/package_run_dependencies/clearpath_sensors
[0.854s] -- Symlinking: /home/ros_ws/install/clearpath_sensors/share/ament_index/resource_index/parent_prefix_path/clearpath_sensors
[0.861s] -- Symlinking: /home/ros_ws/install/clearpath_sensors/share/clearpath_sensors/environment/ament_prefix_path.sh
[0.867s] -- Symlinking: /home/ros_ws/install/clearpath_sensors/share/clearpath_sensors/environment/ament_prefix_path.dsv
[0.873s] -- Symlinking: /home/ros_ws/install/clearpath_sensors/share/clearpath_sensors/environment/path.sh
[0.879s] -- Symlinking: /home/ros_ws/install/clearpath_sensors/share/clearpath_sensors/environment/path.dsv
[0.886s] -- Symlinking: /home/ros_ws/install/clearpath_sensors/share/clearpath_sensors/local_setup.bash
[0.892s] -- Symlinking: /home/ros_ws/install/clearpath_sensors/share/clearpath_sensors/local_setup.sh
[0.899s] -- Symlinking: /home/ros_ws/install/clearpath_sensors/share/clearpath_sensors/local_setup.zsh
[0.905s] -- Symlinking: /home/ros_ws/install/clearpath_sensors/share/clearpath_sensors/local_setup.dsv
[0.913s] -- Symlinking: /home/ros_ws/install/clearpath_sensors/share/clearpath_sensors/package.dsv
[0.919s] -- Symlinking: /home/ros_ws/install/clearpath_sensors/share/ament_index/resource_index/packages/clearpath_sensors
[0.926s] -- Symlinking: /home/ros_ws/install/clearpath_sensors/share/clearpath_sensors/cmake/clearpath_sensorsConfig.cmake
[0.932s] -- Symlinking: /home/ros_ws/install/clearpath_sensors/share/clearpath_sensors/cmake/clearpath_sensorsConfig-version.cmake
[0.940s] -- Symlinking: /home/ros_ws/install/clearpath_sensors/share/clearpath_sensors/package.xml
[0.948s] Invoked command in '/home/ros_ws/build/clearpath_sensors' returned '0': CMAKE_PREFIX_PATH=${CMAKE_PREFIX_PATH}:/opt/ros/humble _=/usr/bin/env /usr/bin/cmake --install /home/ros_ws/build/clearpath_sensors
