-- The C compiler identification is GNU 11.4.0
-- The CXX compiler identification is GNU 11.4.0
-- Detecting C compiler ABI info
-- Detecting C compiler ABI info - done
-- Check for working C compiler: /usr/bin/cc - skipped
-- Detecting C compile features
-- Detecting C compile features - done
-- Detecting CXX compiler ABI info
-- Detecting CXX compiler ABI info - done
-- Check for working CXX compiler: /usr/bin/c++ - skipped
-- Detecting CXX compile features
-- Detecting CXX compile features - done
-- Found ament_cmake: 1.3.14 (/opt/ros/humble/share/ament_cmake/cmake)
-- Found Python3: /usr/bin/python3 (found version "3.10.12") found components: Interpreter 
-- Override CMake install command with custom implementation using symlinks instead of copying resources
-- Configuring done
-- Generating done
-- Build files have been written to: /home/ros_ws/build/husky_bringup
-- Install configuration: ""
-- Execute custom install script
-- Symlinking: /home/ros_ws/install/husky_bringup/share/husky_bringup/launch/bringup.launch.py
-- Symlinking: /home/ros_ws/install/husky_bringup/share/husky_bringup/launch/platform/platform-service.launch.py
-- Symlinking: /home/ros_ws/install/husky_bringup/share/husky_bringup/launch/sensors/gps_0.launch.py
-- Symlinking: /home/ros_ws/install/husky_bringup/share/husky_bringup/launch/sensors/imu_0.launch.py
-- Symlinking: /home/ros_ws/install/husky_bringup/share/husky_bringup/launch/sensors/lidar3d_0.launch.py
-- Symlinking: /home/ros_ws/install/husky_bringup/share/husky_bringup/launch/sensors/sensors-service.launch.py
-- Symlinking: /home/ros_ws/install/husky_bringup/share/husky_bringup/config/sensors/gps_0.yaml
-- Symlinking: /home/ros_ws/install/husky_bringup/share/husky_bringup/config/sensors/imu_0.yaml
-- Symlinking: /home/ros_ws/install/husky_bringup/share/husky_bringup/config/sensors/lidar3d_0.yaml
-- Symlinking: /home/ros_ws/install/husky_bringup/share/ament_index/resource_index/package_run_dependencies/husky_bringup
-- Symlinking: /home/ros_ws/install/husky_bringup/share/ament_index/resource_index/parent_prefix_path/husky_bringup
-- Symlinking: /home/ros_ws/install/husky_bringup/share/husky_bringup/environment/ament_prefix_path.sh
-- Symlinking: /home/ros_ws/install/husky_bringup/share/husky_bringup/environment/ament_prefix_path.dsv
-- Symlinking: /home/ros_ws/install/husky_bringup/share/husky_bringup/environment/path.sh
-- Symlinking: /home/ros_ws/install/husky_bringup/share/husky_bringup/environment/path.dsv
-- Symlinking: /home/ros_ws/install/husky_bringup/share/husky_bringup/local_setup.bash
-- Symlinking: /home/ros_ws/install/husky_bringup/share/husky_bringup/local_setup.sh
-- Symlinking: /home/ros_ws/install/husky_bringup/share/husky_bringup/local_setup.zsh
-- Symlinking: /home/ros_ws/install/husky_bringup/share/husky_bringup/local_setup.dsv
-- Symlinking: /home/ros_ws/install/husky_bringup/share/husky_bringup/package.dsv
-- Symlinking: /home/ros_ws/install/husky_bringup/share/ament_index/resource_index/packages/husky_bringup
-- Symlinking: /home/ros_ws/install/husky_bringup/share/husky_bringup/cmake/husky_bringupConfig.cmake
-- Symlinking: /home/ros_ws/install/husky_bringup/share/husky_bringup/cmake/husky_bringupConfig-version.cmake
-- Symlinking: /home/ros_ws/install/husky_bringup/share/husky_bringup/package.xml
