[0.013s] Invoking command in '/home/ros_ws/build/husky_bringup': CMAKE_PREFIX_PATH=/home/ros_ws/install/clearpath_common:/home/ros_ws/install/clearpath_diagnostics:/home/ros_ws/install/clearpath_control:/home/ros_ws/install/husky_simulator:/home/ros_ws/install/husky_description:/home/ros_ws/install/husky_bringup:/home/ros_ws/install/clearpath_viz:/home/ros_ws/install/clearpath_sensors_description:/home/ros_ws/install/clearpath_sensors:/home/ros_ws/install/clearpath_platform_description:/opt/ros/humble _=/usr/bin/env /usr/bin/cmake /home/ros_ws/src/husky_bringup/husky_bringup -DAMENT_CMAKE_SYMLINK_INSTALL=1 -DCMAKE_INSTALL_PREFIX=/home/ros_ws/install/husky_bringup
[0.056s] -- The C compiler identification is GNU 11.4.0
[0.095s] -- The CXX compiler identification is GNU 11.4.0
[0.100s] -- Detecting C compiler ABI info
[0.150s] -- Detecting C compiler ABI info - done
[0.155s] -- Check for working C compiler: /usr/bin/cc - skipped
[0.156s] -- Detecting C compile features
[0.156s] -- Detecting C compile features - done
[0.159s] -- Detecting CXX compiler ABI info
[0.212s] -- Detecting CXX compiler ABI info - done
[0.217s] -- Check for working CXX compiler: /usr/bin/c++ - skipped
[0.218s] -- Detecting CXX compile features
[0.218s] -- Detecting CXX compile features - done
[0.221s] -- Found ament_cmake: 1.3.14 (/opt/ros/humble/share/ament_cmake/cmake)
[0.332s] -- Found Python3: /usr/bin/python3 (found version "3.10.12") found components: Interpreter 
[0.375s] -- Override CMake install command with custom implementation using symlinks instead of copying resources
[0.441s] -- Configuring done
[0.442s] -- Generating done
[0.443s] -- Build files have been written to: /home/ros_ws/build/husky_bringup
[0.446s] Invoked command in '/home/ros_ws/build/husky_bringup' returned '0': CMAKE_PREFIX_PATH=/home/ros_ws/install/clearpath_common:/home/ros_ws/install/clearpath_diagnostics:/home/ros_ws/install/clearpath_control:/home/ros_ws/install/husky_simulator:/home/ros_ws/install/husky_description:/home/ros_ws/install/husky_bringup:/home/ros_ws/install/clearpath_viz:/home/ros_ws/install/clearpath_sensors_description:/home/ros_ws/install/clearpath_sensors:/home/ros_ws/install/clearpath_platform_description:/opt/ros/humble _=/usr/bin/env /usr/bin/cmake /home/ros_ws/src/husky_bringup/husky_bringup -DAMENT_CMAKE_SYMLINK_INSTALL=1 -DCMAKE_INSTALL_PREFIX=/home/ros_ws/install/husky_bringup
[0.446s] Invoking command in '/home/ros_ws/build/husky_bringup': CMAKE_PREFIX_PATH=/home/ros_ws/install/clearpath_common:/home/ros_ws/install/clearpath_diagnostics:/home/ros_ws/install/clearpath_control:/home/ros_ws/install/husky_simulator:/home/ros_ws/install/husky_description:/home/ros_ws/install/husky_bringup:/home/ros_ws/install/clearpath_viz:/home/ros_ws/install/clearpath_sensors_description:/home/ros_ws/install/clearpath_sensors:/home/ros_ws/install/clearpath_platform_description:/opt/ros/humble _=/usr/bin/env /usr/bin/cmake --build /home/ros_ws/build/husky_bringup -- -j16 -l16
[0.470s] Invoked command in '/home/ros_ws/build/husky_bringup' returned '0': CMAKE_PREFIX_PATH=/home/ros_ws/install/clearpath_common:/home/ros_ws/install/clearpath_diagnostics:/home/ros_ws/install/clearpath_control:/home/ros_ws/install/husky_simulator:/home/ros_ws/install/husky_description:/home/ros_ws/install/husky_bringup:/home/ros_ws/install/clearpath_viz:/home/ros_ws/install/clearpath_sensors_description:/home/ros_ws/install/clearpath_sensors:/home/ros_ws/install/clearpath_platform_description:/opt/ros/humble _=/usr/bin/env /usr/bin/cmake --build /home/ros_ws/build/husky_bringup -- -j16 -l16
[0.471s] Invoking command in '/home/ros_ws/build/husky_bringup': CMAKE_PREFIX_PATH=/home/ros_ws/install/clearpath_common:/home/ros_ws/install/clearpath_diagnostics:/home/ros_ws/install/clearpath_control:/home/ros_ws/install/husky_simulator:/home/ros_ws/install/husky_description:/home/ros_ws/install/husky_bringup:/home/ros_ws/install/clearpath_viz:/home/ros_ws/install/clearpath_sensors_description:/home/ros_ws/install/clearpath_sensors:/home/ros_ws/install/clearpath_platform_description:/opt/ros/humble _=/usr/bin/env /usr/bin/cmake --install /home/ros_ws/build/husky_bringup
[0.474s] -- Install configuration: ""
[0.474s] -- Execute custom install script
[0.475s] -- Symlinking: /home/ros_ws/install/husky_bringup/share/husky_bringup/launch/bringup.launch.py
[0.479s] -- Symlinking: /home/ros_ws/install/husky_bringup/share/husky_bringup/launch/platform/platform-service.launch.py
[0.484s] -- Symlinking: /home/ros_ws/install/husky_bringup/share/husky_bringup/launch/sensors/gps_0.launch.py
[0.489s] -- Symlinking: /home/ros_ws/install/husky_bringup/share/husky_bringup/launch/sensors/imu_0.launch.py
[0.494s] -- Symlinking: /home/ros_ws/install/husky_bringup/share/husky_bringup/launch/sensors/lidar3d_0.launch.py
[0.498s] -- Symlinking: /home/ros_ws/install/husky_bringup/share/husky_bringup/launch/sensors/sensors-service.launch.py
[0.503s] -- Symlinking: /home/ros_ws/install/husky_bringup/share/husky_bringup/config/sensors/gps_0.yaml
[0.507s] -- Symlinking: /home/ros_ws/install/husky_bringup/share/husky_bringup/config/sensors/imu_0.yaml
[0.511s] -- Symlinking: /home/ros_ws/install/husky_bringup/share/husky_bringup/config/sensors/lidar3d_0.yaml
[0.515s] -- Symlinking: /home/ros_ws/install/husky_bringup/share/ament_index/resource_index/package_run_dependencies/husky_bringup
[0.520s] -- Symlinking: /home/ros_ws/install/husky_bringup/share/ament_index/resource_index/parent_prefix_path/husky_bringup
[0.526s] -- Symlinking: /home/ros_ws/install/husky_bringup/share/husky_bringup/environment/ament_prefix_path.sh
[0.531s] -- Symlinking: /home/ros_ws/install/husky_bringup/share/husky_bringup/environment/ament_prefix_path.dsv
[0.537s] -- Symlinking: /home/ros_ws/install/husky_bringup/share/husky_bringup/environment/path.sh
[0.542s] -- Symlinking: /home/ros_ws/install/husky_bringup/share/husky_bringup/environment/path.dsv
[0.548s] -- Symlinking: /home/ros_ws/install/husky_bringup/share/husky_bringup/local_setup.bash
[0.552s] -- Symlinking: /home/ros_ws/install/husky_bringup/share/husky_bringup/local_setup.sh
[0.557s] -- Symlinking: /home/ros_ws/install/husky_bringup/share/husky_bringup/local_setup.zsh
[0.562s] -- Symlinking: /home/ros_ws/install/husky_bringup/share/husky_bringup/local_setup.dsv
[0.566s] -- Symlinking: /home/ros_ws/install/husky_bringup/share/husky_bringup/package.dsv
[0.571s] -- Symlinking: /home/ros_ws/install/husky_bringup/share/ament_index/resource_index/packages/husky_bringup
[0.575s] -- Symlinking: /home/ros_ws/install/husky_bringup/share/husky_bringup/cmake/husky_bringupConfig.cmake
[0.580s] -- Symlinking: /home/ros_ws/install/husky_bringup/share/husky_bringup/cmake/husky_bringupConfig-version.cmake
[0.585s] -- Symlinking: /home/ros_ws/install/husky_bringup/share/husky_bringup/package.xml
[0.592s] Invoked command in '/home/ros_ws/build/husky_bringup' returned '0': CMAKE_PREFIX_PATH=/home/ros_ws/install/clearpath_common:/home/ros_ws/install/clearpath_diagnostics:/home/ros_ws/install/clearpath_control:/home/ros_ws/install/husky_simulator:/home/ros_ws/install/husky_description:/home/ros_ws/install/husky_bringup:/home/ros_ws/install/clearpath_viz:/home/ros_ws/install/clearpath_sensors_description:/home/ros_ws/install/clearpath_sensors:/home/ros_ws/install/clearpath_platform_description:/opt/ros/humble _=/usr/bin/env /usr/bin/cmake --install /home/ros_ws/build/husky_bringup
