[0.008s] Invoking command in '/home/ros_ws/build/husky_bringup': AMENT_PREFIX_PATH=/home/ros_ws/install/clearpath_common:/home/ros_ws/install/clearpath_diagnostics:/home/ros_ws/install/clearpath_control:${AMENT_PREFIX_PATH} CMAKE_PREFIX_PATH=/home/ros_ws/install/clearpath_common:/home/ros_ws/install/clearpath_diagnostics:/home/ros_ws/install/clearpath_control:/opt/ros/humble PYTHONPATH=/home/ros_ws/install/clearpath_diagnostics/local/lib/python3.10/dist-packages:${PYTHONPATH} _=/usr/bin/env /usr/bin/cmake /home/ros_ws/src/husky_bringup/husky_bringup -DCMAKE_INSTALL_PREFIX=/home/ros_ws/install/husky_bringup
[0.052s] -- The C compiler identification is GNU 11.4.0
[0.094s] -- The CXX compiler identification is GNU 11.4.0
[0.099s] -- Detecting C compiler ABI info
[0.150s] -- Detecting C compiler ABI info - done
[0.157s] -- Check for working C compiler: /usr/bin/cc - skipped
[0.157s] -- Detecting C compile features
[0.157s] -- Detecting C compile features - done
[0.158s] -- Detecting CXX compiler ABI info
[0.217s] -- Detecting CXX compiler ABI info - done
[0.223s] -- Check for working CXX compiler: /usr/bin/c++ - skipped
[0.223s] -- Detecting CXX compile features
[0.224s] -- Detecting CXX compile features - done
[0.226s] -- Found ament_cmake: 1.3.14 (/opt/ros/humble/share/ament_cmake/cmake)
[0.321s] -- Found Python3: /usr/bin/python3 (found version "3.10.12") found components: Interpreter 
[0.419s] -- Configuring done
[0.421s] -- Generating done
[0.422s] -- Build files have been written to: /home/ros_ws/build/husky_bringup
[0.425s] Invoked command in '/home/ros_ws/build/husky_bringup' returned '0': AMENT_PREFIX_PATH=/home/ros_ws/install/clearpath_common:/home/ros_ws/install/clearpath_diagnostics:/home/ros_ws/install/clearpath_control:${AMENT_PREFIX_PATH} CMAKE_PREFIX_PATH=/home/ros_ws/install/clearpath_common:/home/ros_ws/install/clearpath_diagnostics:/home/ros_ws/install/clearpath_control:/opt/ros/humble PYTHONPATH=/home/ros_ws/install/clearpath_diagnostics/local/lib/python3.10/dist-packages:${PYTHONPATH} _=/usr/bin/env /usr/bin/cmake /home/ros_ws/src/husky_bringup/husky_bringup -DCMAKE_INSTALL_PREFIX=/home/ros_ws/install/husky_bringup
[0.426s] Invoking command in '/home/ros_ws/build/husky_bringup': AMENT_PREFIX_PATH=/home/ros_ws/install/clearpath_common:/home/ros_ws/install/clearpath_diagnostics:/home/ros_ws/install/clearpath_control:${AMENT_PREFIX_PATH} CMAKE_PREFIX_PATH=/home/ros_ws/install/clearpath_common:/home/ros_ws/install/clearpath_diagnostics:/home/ros_ws/install/clearpath_control:/opt/ros/humble PYTHONPATH=/home/ros_ws/install/clearpath_diagnostics/local/lib/python3.10/dist-packages:${PYTHONPATH} _=/usr/bin/env /usr/bin/cmake --build /home/ros_ws/build/husky_bringup -- -j16 -l16
[0.449s] Invoked command in '/home/ros_ws/build/husky_bringup' returned '0': AMENT_PREFIX_PATH=/home/ros_ws/install/clearpath_common:/home/ros_ws/install/clearpath_diagnostics:/home/ros_ws/install/clearpath_control:${AMENT_PREFIX_PATH} CMAKE_PREFIX_PATH=/home/ros_ws/install/clearpath_common:/home/ros_ws/install/clearpath_diagnostics:/home/ros_ws/install/clearpath_control:/opt/ros/humble PYTHONPATH=/home/ros_ws/install/clearpath_diagnostics/local/lib/python3.10/dist-packages:${PYTHONPATH} _=/usr/bin/env /usr/bin/cmake --build /home/ros_ws/build/husky_bringup -- -j16 -l16
[0.450s] Invoking command in '/home/ros_ws/build/husky_bringup': AMENT_PREFIX_PATH=/home/ros_ws/install/clearpath_common:/home/ros_ws/install/clearpath_diagnostics:/home/ros_ws/install/clearpath_control:${AMENT_PREFIX_PATH} CMAKE_PREFIX_PATH=/home/ros_ws/install/clearpath_common:/home/ros_ws/install/clearpath_diagnostics:/home/ros_ws/install/clearpath_control:/opt/ros/humble PYTHONPATH=/home/ros_ws/install/clearpath_diagnostics/local/lib/python3.10/dist-packages:${PYTHONPATH} _=/usr/bin/env /usr/bin/cmake --install /home/ros_ws/build/husky_bringup
[0.456s] -- Install configuration: ""
[0.456s] -- Installing: /home/ros_ws/install/husky_bringup/share/husky_bringup/launch
[0.456s] -- Installing: /home/ros_ws/install/husky_bringup/share/husky_bringup/launch/platform
[0.456s] -- Installing: /home/ros_ws/install/husky_bringup/share/husky_bringup/launch/platform/platform-service.launch.py
[0.456s] -- Installing: /home/ros_ws/install/husky_bringup/share/husky_bringup/launch/sensors
[0.456s] -- Installing: /home/ros_ws/install/husky_bringup/share/husky_bringup/launch/sensors/imu_0.launch.py
[0.456s] -- Installing: /home/ros_ws/install/husky_bringup/share/husky_bringup/launch/sensors/gps_0.launch.py
[0.456s] -- Installing: /home/ros_ws/install/husky_bringup/share/husky_bringup/launch/sensors/sensors-service.launch.py
[0.456s] -- Installing: /home/ros_ws/install/husky_bringup/share/husky_bringup/launch/sensors/lidar3d_0.launch.py
[0.456s] -- Installing: /home/ros_ws/install/husky_bringup/share/husky_bringup/launch/bringup.launch.py
[0.456s] -- Installing: /home/ros_ws/install/husky_bringup/share/husky_bringup/config
[0.457s] -- Installing: /home/ros_ws/install/husky_bringup/share/husky_bringup/config/sensors
[0.457s] -- Installing: /home/ros_ws/install/husky_bringup/share/husky_bringup/config/sensors/gps_0.yaml
[0.457s] -- Installing: /home/ros_ws/install/husky_bringup/share/husky_bringup/config/sensors/lidar3d_0.yaml
[0.457s] -- Installing: /home/ros_ws/install/husky_bringup/share/husky_bringup/config/sensors/imu_0.yaml
[0.457s] -- Installing: /home/ros_ws/install/husky_bringup/share/ament_index/resource_index/package_run_dependencies/husky_bringup
[0.457s] -- Installing: /home/ros_ws/install/husky_bringup/share/ament_index/resource_index/parent_prefix_path/husky_bringup
[0.457s] -- Installing: /home/ros_ws/install/husky_bringup/share/husky_bringup/environment/ament_prefix_path.sh
[0.457s] -- Installing: /home/ros_ws/install/husky_bringup/share/husky_bringup/environment/ament_prefix_path.dsv
[0.457s] -- Installing: /home/ros_ws/install/husky_bringup/share/husky_bringup/environment/path.sh
[0.457s] -- Installing: /home/ros_ws/install/husky_bringup/share/husky_bringup/environment/path.dsv
[0.457s] -- Installing: /home/ros_ws/install/husky_bringup/share/husky_bringup/local_setup.bash
[0.457s] -- Installing: /home/ros_ws/install/husky_bringup/share/husky_bringup/local_setup.sh
[0.457s] -- Installing: /home/ros_ws/install/husky_bringup/share/husky_bringup/local_setup.zsh
[0.457s] -- Installing: /home/ros_ws/install/husky_bringup/share/husky_bringup/local_setup.dsv
[0.457s] -- Installing: /home/ros_ws/install/husky_bringup/share/husky_bringup/package.dsv
[0.458s] -- Installing: /home/ros_ws/install/husky_bringup/share/ament_index/resource_index/packages/husky_bringup
[0.458s] -- Installing: /home/ros_ws/install/husky_bringup/share/husky_bringup/cmake/husky_bringupConfig.cmake
[0.458s] -- Installing: /home/ros_ws/install/husky_bringup/share/husky_bringup/cmake/husky_bringupConfig-version.cmake
[0.458s] -- Installing: /home/ros_ws/install/husky_bringup/share/husky_bringup/package.xml
[0.460s] Invoked command in '/home/ros_ws/build/husky_bringup' returned '0': AMENT_PREFIX_PATH=/home/ros_ws/install/clearpath_common:/home/ros_ws/install/clearpath_diagnostics:/home/ros_ws/install/clearpath_control:${AMENT_PREFIX_PATH} CMAKE_PREFIX_PATH=/home/ros_ws/install/clearpath_common:/home/ros_ws/install/clearpath_diagnostics:/home/ros_ws/install/clearpath_control:/opt/ros/humble PYTHONPATH=/home/ros_ws/install/clearpath_diagnostics/local/lib/python3.10/dist-packages:${PYTHONPATH} _=/usr/bin/env /usr/bin/cmake --install /home/ros_ws/build/husky_bringup
