[0.014s] Invoking command in '/home/ros_ws/build/clearpath_sensors_description': CMAKE_PREFIX_PATH=${CMAKE_PREFIX_PATH}:/opt/ros/humble _=/usr/bin/env /usr/bin/cmake /home/ros_ws/src/husky_description/clearpath_sensors_description -DAMENT_CMAKE_SYMLINK_INSTALL=1 -DCMAKE_INSTALL_PREFIX=/home/ros_ws/install/clearpath_sensors_description
[0.063s] -- The C compiler identification is GNU 11.4.0
[0.107s] -- The CXX compiler identification is GNU 11.4.0
[0.116s] -- Detecting C compiler ABI info
[0.169s] -- Detecting C compiler ABI info - done
[0.174s] -- Check for working C compiler: /usr/bin/cc - skipped
[0.174s] -- Detecting C compile features
[0.174s] -- Detecting C compile features - done
[0.177s] -- Detecting CXX compiler ABI info
[0.235s] -- Detecting CXX compiler ABI info - done
[0.241s] -- Check for working CXX compiler: /usr/bin/c++ - skipped
[0.241s] -- Detecting CXX compile features
[0.241s] -- Detecting CXX compile features - done
[0.243s] -- Found ament_cmake: 1.3.14 (/opt/ros/humble/share/ament_cmake/cmake)
[0.361s] -- Found Python3: /usr/bin/python3 (found version "3.10.12") found components: Interpreter 
[0.411s] -- Override CMake install command with custom implementation using symlinks instead of copying resources
[0.484s] -- Configuring done
[0.486s] -- Generating done
[0.487s] -- Build files have been written to: /home/ros_ws/build/clearpath_sensors_description
[0.490s] Invoked command in '/home/ros_ws/build/clearpath_sensors_description' returned '0': CMAKE_PREFIX_PATH=${CMAKE_PREFIX_PATH}:/opt/ros/humble _=/usr/bin/env /usr/bin/cmake /home/ros_ws/src/husky_description/clearpath_sensors_description -DAMENT_CMAKE_SYMLINK_INSTALL=1 -DCMAKE_INSTALL_PREFIX=/home/ros_ws/install/clearpath_sensors_description
[0.491s] Invoking command in '/home/ros_ws/build/clearpath_sensors_description': CMAKE_PREFIX_PATH=${CMAKE_PREFIX_PATH}:/opt/ros/humble _=/usr/bin/env /usr/bin/cmake --build /home/ros_ws/build/clearpath_sensors_description -- -j16 -l16
[0.527s] Invoked command in '/home/ros_ws/build/clearpath_sensors_description' returned '0': CMAKE_PREFIX_PATH=${CMAKE_PREFIX_PATH}:/opt/ros/humble _=/usr/bin/env /usr/bin/cmake --build /home/ros_ws/build/clearpath_sensors_description -- -j16 -l16
[0.528s] Invoking command in '/home/ros_ws/build/clearpath_sensors_description': CMAKE_PREFIX_PATH=${CMAKE_PREFIX_PATH}:/opt/ros/humble _=/usr/bin/env /usr/bin/cmake --install /home/ros_ws/build/clearpath_sensors_description
[0.533s] -- Install configuration: ""
[0.534s] -- Execute custom install script
[0.534s] -- Symlinking: /home/ros_ws/install/clearpath_sensors_description/share/clearpath_sensors_description/meshes/flir_blackfly.stl
[0.539s] -- Symlinking: /home/ros_ws/install/clearpath_sensors_description/share/clearpath_sensors_description/meshes/front_camera_support.stl
[0.545s] -- Symlinking: /home/ros_ws/install/clearpath_sensors_description/share/clearpath_sensors_description/meshes/hokuyo_ust.stl
[0.550s] -- Symlinking: /home/ros_ws/install/clearpath_sensors_description/share/clearpath_sensors_description/meshes/hokuyo_utm30.stl
[0.556s] -- Symlinking: /home/ros_ws/install/clearpath_sensors_description/share/clearpath_sensors_description/meshes/novatel_smart6.stl
[0.561s] -- Symlinking: /home/ros_ws/install/clearpath_sensors_description/share/clearpath_sensors_description/meshes/novatel_smart7.stl
[0.566s] -- Symlinking: /home/ros_ws/install/clearpath_sensors_description/share/clearpath_sensors_description/meshes/realsense_d455.stl
[0.572s] -- Symlinking: /home/ros_ws/install/clearpath_sensors_description/share/clearpath_sensors_description/meshes/sick_lms1xx_collision.stl
[0.577s] -- Symlinking: /home/ros_ws/install/clearpath_sensors_description/share/clearpath_sensors_description/meshes/sick_lms1xx_small.dae
[0.583s] -- Symlinking: /home/ros_ws/install/clearpath_sensors_description/share/clearpath_sensors_description/meshes/swift_antenna.stl
[0.588s] -- Symlinking: /home/ros_ws/install/clearpath_sensors_description/share/clearpath_sensors_description/meshes/ublox_antenna.stl
[0.596s] -- Symlinking: /home/ros_ws/install/clearpath_sensors_description/share/clearpath_sensors_description/meshes/zed2i.stl
[0.602s] -- Symlinking: /home/ros_ws/install/clearpath_sensors_description/share/clearpath_sensors_description/urdf/chrobotics_um6.urdf.xacro
[0.608s] -- Symlinking: /home/ros_ws/install/clearpath_sensors_description/share/clearpath_sensors_description/urdf/flir_blackfly.urdf.xacro
[0.613s] -- Symlinking: /home/ros_ws/install/clearpath_sensors_description/share/clearpath_sensors_description/urdf/garmin_18x.urdf.xacro
[0.619s] -- Symlinking: /home/ros_ws/install/clearpath_sensors_description/share/clearpath_sensors_description/urdf/hokuyo_ust.urdf.xacro
[0.625s] -- Symlinking: /home/ros_ws/install/clearpath_sensors_description/share/clearpath_sensors_description/urdf/intel_realsense.urdf.xacro
[0.631s] -- Symlinking: /home/ros_ws/install/clearpath_sensors_description/share/clearpath_sensors_description/urdf/microstrain_gq7.urdf.xacro
[0.636s] -- Symlinking: /home/ros_ws/install/clearpath_sensors_description/share/clearpath_sensors_description/urdf/microstrain_imu.urdf.xacro
[0.642s] -- Symlinking: /home/ros_ws/install/clearpath_sensors_description/share/clearpath_sensors_description/urdf/novatel_smart6.urdf.xacro
[0.647s] -- Symlinking: /home/ros_ws/install/clearpath_sensors_description/share/clearpath_sensors_description/urdf/novatel_smart7.urdf.xacro
[0.653s] -- Symlinking: /home/ros_ws/install/clearpath_sensors_description/share/clearpath_sensors_description/urdf/realsense_d455.urdf.xacro
[0.658s] -- Symlinking: /home/ros_ws/install/clearpath_sensors_description/share/clearpath_sensors_description/urdf/redshift_um7.urdf.xacro
[0.664s] -- Symlinking: /home/ros_ws/install/clearpath_sensors_description/share/clearpath_sensors_description/urdf/sick_lms1xx.urdf.xacro
[0.670s] -- Symlinking: /home/ros_ws/install/clearpath_sensors_description/share/clearpath_sensors_description/urdf/stereolabs_zed.urdf.xacro
[0.676s] -- Symlinking: /home/ros_ws/install/clearpath_sensors_description/share/clearpath_sensors_description/urdf/swiftnav_duro.urdf.xacro
[0.681s] -- Symlinking: /home/ros_ws/install/clearpath_sensors_description/share/clearpath_sensors_description/urdf/ublox_antenna.urdf.xacro
[0.687s] -- Symlinking: /home/ros_ws/install/clearpath_sensors_description/share/clearpath_sensors_description/urdf/velodyne_lidar.urdf.xacro
[0.693s] -- Symlinking: /home/ros_ws/install/clearpath_sensors_description/share/clearpath_sensors_description/urdf/zed.gazebo.xacro
[0.699s] -- Symlinking: /home/ros_ws/install/clearpath_sensors_description/share/clearpath_sensors_description/urdf/zed.urdf.xacro
[0.705s] -- Symlinking: /home/ros_ws/install/clearpath_sensors_description/share/ament_index/resource_index/package_run_dependencies/clearpath_sensors_description
[0.711s] -- Symlinking: /home/ros_ws/install/clearpath_sensors_description/share/ament_index/resource_index/parent_prefix_path/clearpath_sensors_description
[0.717s] -- Symlinking: /home/ros_ws/install/clearpath_sensors_description/share/clearpath_sensors_description/environment/ament_prefix_path.sh
[0.725s] -- Symlinking: /home/ros_ws/install/clearpath_sensors_description/share/clearpath_sensors_description/environment/ament_prefix_path.dsv
[0.729s] -- Symlinking: /home/ros_ws/install/clearpath_sensors_description/share/clearpath_sensors_description/environment/path.sh
[0.735s] -- Symlinking: /home/ros_ws/install/clearpath_sensors_description/share/clearpath_sensors_description/environment/path.dsv
[0.742s] -- Symlinking: /home/ros_ws/install/clearpath_sensors_description/share/clearpath_sensors_description/local_setup.bash
[0.748s] -- Symlinking: /home/ros_ws/install/clearpath_sensors_description/share/clearpath_sensors_description/local_setup.sh
[0.754s] -- Symlinking: /home/ros_ws/install/clearpath_sensors_description/share/clearpath_sensors_description/local_setup.zsh
[0.760s] -- Symlinking: /home/ros_ws/install/clearpath_sensors_description/share/clearpath_sensors_description/local_setup.dsv
[0.766s] -- Symlinking: /home/ros_ws/install/clearpath_sensors_description/share/clearpath_sensors_description/package.dsv
[0.771s] -- Symlinking: /home/ros_ws/install/clearpath_sensors_description/share/ament_index/resource_index/packages/clearpath_sensors_description
[0.778s] -- Symlinking: /home/ros_ws/install/clearpath_sensors_description/share/clearpath_sensors_description/cmake/clearpath_sensors_descriptionConfig.cmake
[0.784s] -- Symlinking: /home/ros_ws/install/clearpath_sensors_description/share/clearpath_sensors_description/cmake/clearpath_sensors_descriptionConfig-version.cmake
[0.790s] -- Symlinking: /home/ros_ws/install/clearpath_sensors_description/share/clearpath_sensors_description/package.xml
[0.800s] Invoked command in '/home/ros_ws/build/clearpath_sensors_description' returned '0': CMAKE_PREFIX_PATH=${CMAKE_PREFIX_PATH}:/opt/ros/humble _=/usr/bin/env /usr/bin/cmake --install /home/ros_ws/build/clearpath_sensors_description
