[0.018s] Invoking command in '/home/ros_ws/build/clearpath_control': CMAKE_PREFIX_PATH=${CMAKE_PREFIX_PATH}:/opt/ros/humble _=/usr/bin/env /usr/bin/cmake /home/ros_ws/src/husky_bringup/clearpath_control -DAMENT_CMAKE_SYMLINK_INSTALL=1 -DCMAKE_INSTALL_PREFIX=/home/ros_ws/install/clearpath_control
[0.073s] -- The C compiler identification is GNU 11.4.0
[0.118s] -- The CXX compiler identification is GNU 11.4.0
[0.127s] -- Detecting C compiler ABI info
[0.179s] -- Detecting C compiler ABI info - done
[0.184s] -- Check for working C compiler: /usr/bin/cc - skipped
[0.185s] -- Detecting C compile features
[0.185s] -- Detecting C compile features - done
[0.187s] -- Detecting CXX compiler ABI info
[0.246s] -- Detecting CXX compiler ABI info - done
[0.252s] -- Check for working CXX compiler: /usr/bin/c++ - skipped
[0.252s] -- Detecting CXX compile features
[0.252s] -- Detecting CXX compile features - done
[0.254s] -- Found ament_cmake: 1.3.14 (/opt/ros/humble/share/ament_cmake/cmake)
[0.370s] -- Found Python3: /usr/bin/python3 (found version "3.10.12") found components: Interpreter 
[0.419s] -- Override CMake install command with custom implementation using symlinks instead of copying resources
[0.497s] -- Configuring done
[0.500s] -- Generating done
[0.500s] -- Build files have been written to: /home/ros_ws/build/clearpath_control
[0.503s] Invoked command in '/home/ros_ws/build/clearpath_control' returned '0': CMAKE_PREFIX_PATH=${CMAKE_PREFIX_PATH}:/opt/ros/humble _=/usr/bin/env /usr/bin/cmake /home/ros_ws/src/husky_bringup/clearpath_control -DAMENT_CMAKE_SYMLINK_INSTALL=1 -DCMAKE_INSTALL_PREFIX=/home/ros_ws/install/clearpath_control
[0.505s] Invoking command in '/home/ros_ws/build/clearpath_control': CMAKE_PREFIX_PATH=${CMAKE_PREFIX_PATH}:/opt/ros/humble _=/usr/bin/env /usr/bin/cmake --build /home/ros_ws/build/clearpath_control -- -j16 -l16
[0.539s] Invoked command in '/home/ros_ws/build/clearpath_control' returned '0': CMAKE_PREFIX_PATH=${CMAKE_PREFIX_PATH}:/opt/ros/humble _=/usr/bin/env /usr/bin/cmake --build /home/ros_ws/build/clearpath_control -- -j16 -l16
[0.540s] Invoking command in '/home/ros_ws/build/clearpath_control': CMAKE_PREFIX_PATH=${CMAKE_PREFIX_PATH}:/opt/ros/humble _=/usr/bin/env /usr/bin/cmake --install /home/ros_ws/build/clearpath_control
[0.545s] -- Install configuration: ""
[0.546s] -- Execute custom install script
[0.546s] -- Symlinking: /home/ros_ws/install/clearpath_control/share/clearpath_control/config/a200/control.yaml
[0.551s] -- Symlinking: /home/ros_ws/install/clearpath_control/share/clearpath_control/config/a200/localization.yaml
[0.557s] -- Symlinking: /home/ros_ws/install/clearpath_control/share/clearpath_control/config/a200/teleop_interactive_markers.yaml
[0.562s] -- Symlinking: /home/ros_ws/install/clearpath_control/share/clearpath_control/config/a200/teleop_joy.yaml
[0.567s] -- Symlinking: /home/ros_ws/install/clearpath_control/share/clearpath_control/config/a200/teleop_logitech.yaml
[0.572s] -- Symlinking: /home/ros_ws/install/clearpath_control/share/clearpath_control/config/a200/teleop_ps4.yaml
[0.578s] -- Symlinking: /home/ros_ws/install/clearpath_control/share/clearpath_control/config/a200/twist_mux.yaml
[0.583s] -- Symlinking: /home/ros_ws/install/clearpath_control/share/clearpath_control/config/generic/localization.yaml
[0.589s] -- Symlinking: /home/ros_ws/install/clearpath_control/share/clearpath_control/config/generic/teleop_interactive_markers.yaml
[0.594s] -- Symlinking: /home/ros_ws/install/clearpath_control/share/clearpath_control/config/generic/teleop_logitech.yaml
[0.601s] -- Symlinking: /home/ros_ws/install/clearpath_control/share/clearpath_control/config/generic/teleop_ps4.yaml
[0.607s] -- Symlinking: /home/ros_ws/install/clearpath_control/share/clearpath_control/config/imu_filter.yaml
[0.613s] -- Symlinking: /home/ros_ws/install/clearpath_control/share/clearpath_control/launch/control.launch.py
[0.619s] -- Symlinking: /home/ros_ws/install/clearpath_control/share/clearpath_control/launch/localization.launch.py
[0.625s] -- Symlinking: /home/ros_ws/install/clearpath_control/share/clearpath_control/launch/teleop_base.launch.py
[0.631s] -- Symlinking: /home/ros_ws/install/clearpath_control/share/clearpath_control/launch/teleop_joy.launch.py
[0.637s] -- Symlinking: /home/ros_ws/install/clearpath_control/share/ament_index/resource_index/package_run_dependencies/clearpath_control
[0.642s] -- Symlinking: /home/ros_ws/install/clearpath_control/share/ament_index/resource_index/parent_prefix_path/clearpath_control
[0.648s] -- Symlinking: /home/ros_ws/install/clearpath_control/share/clearpath_control/environment/ament_prefix_path.sh
[0.653s] -- Symlinking: /home/ros_ws/install/clearpath_control/share/clearpath_control/environment/ament_prefix_path.dsv
[0.658s] -- Symlinking: /home/ros_ws/install/clearpath_control/share/clearpath_control/environment/path.sh
[0.665s] -- Symlinking: /home/ros_ws/install/clearpath_control/share/clearpath_control/environment/path.dsv
[0.672s] -- Symlinking: /home/ros_ws/install/clearpath_control/share/clearpath_control/local_setup.bash
[0.678s] -- Symlinking: /home/ros_ws/install/clearpath_control/share/clearpath_control/local_setup.sh
[0.684s] -- Symlinking: /home/ros_ws/install/clearpath_control/share/clearpath_control/local_setup.zsh
[0.689s] -- Symlinking: /home/ros_ws/install/clearpath_control/share/clearpath_control/local_setup.dsv
[0.695s] -- Symlinking: /home/ros_ws/install/clearpath_control/share/clearpath_control/package.dsv
[0.700s] -- Symlinking: /home/ros_ws/install/clearpath_control/share/ament_index/resource_index/packages/clearpath_control
[0.707s] -- Symlinking: /home/ros_ws/install/clearpath_control/share/clearpath_control/cmake/clearpath_controlConfig.cmake
[0.713s] -- Symlinking: /home/ros_ws/install/clearpath_control/share/clearpath_control/cmake/clearpath_controlConfig-version.cmake
[0.719s] -- Symlinking: /home/ros_ws/install/clearpath_control/share/clearpath_control/package.xml
[0.727s] Invoked command in '/home/ros_ws/build/clearpath_control' returned '0': CMAKE_PREFIX_PATH=${CMAKE_PREFIX_PATH}:/opt/ros/humble _=/usr/bin/env /usr/bin/cmake --install /home/ros_ws/build/clearpath_control
