running develop
running egg_info
creating navila_ros2_bridge.egg-info
writing navila_ros2_bridge.egg-info/PKG-INFO
writing dependency_links to navila_ros2_bridge.egg-info/dependency_links.txt
writing entry points to navila_ros2_bridge.egg-info/entry_points.txt
writing requirements to navila_ros2_bridge.egg-info/requires.txt
writing top-level names to navila_ros2_bridge.egg-info/top_level.txt
writing manifest file 'navila_ros2_bridge.egg-info/SOURCES.txt'
reading manifest file 'navila_ros2_bridge.egg-info/SOURCES.txt'
writing manifest file 'navila_ros2_bridge.egg-info/SOURCES.txt'
running build_ext
Creating /home/ros_ws/install/navila_ros2_bridge/lib/python3.10/site-packages/navila-ros2-bridge.egg-link (link to .)
Installing action_to_cmdvel_node script to /home/ros_ws/install/navila_ros2_bridge/lib/navila_ros2_bridge
Installing instruction_node script to /home/ros_ws/install/navila_ros2_bridge/lib/navila_ros2_bridge
Installing navila_node script to /home/ros_ws/install/navila_ros2_bridge/lib/navila_ros2_bridge

Installed /home/ros_ws/build/navila_ros2_bridge
running symlink_data
creating /home/ros_ws/install/navila_ros2_bridge/share/ament_index
creating /home/ros_ws/install/navila_ros2_bridge/share/ament_index/resource_index
creating /home/ros_ws/install/navila_ros2_bridge/share/ament_index/resource_index/packages
symbolically linking /home/ros_ws/build/navila_ros2_bridge/resource/navila_ros2_bridge -> /home/ros_ws/install/navila_ros2_bridge/share/ament_index/resource_index/packages
symbolically linking /home/ros_ws/build/navila_ros2_bridge/package.xml -> /home/ros_ws/install/navila_ros2_bridge/share/navila_ros2_bridge
creating /home/ros_ws/install/navila_ros2_bridge/share/navila_ros2_bridge/launch
symbolically linking /home/ros_ws/build/navila_ros2_bridge/launch/navila.launch.py -> /home/ros_ws/install/navila_ros2_bridge/share/navila_ros2_bridge/launch
