[0.634s] Invoking command in '/home/ros_ws/build/navila_ros2_bridge': PYTHONPATH=/home/ros_ws/build/navila_ros2_bridge/prefix_override:/usr/lib/python3/dist-packages/colcon_core/task/python/colcon_distutils_commands:/home/ros_ws/install/navila_ros2_bridge/lib/python3.10/site-packages:${PYTHONPATH} _=/usr/bin/env /usr/bin/python3 -W ignore:setup.py install is deprecated -W ignore:easy_install command is deprecated setup.py develop --editable --build-directory /home/ros_ws/build/navila_ros2_bridge/build --no-deps symlink_data
[0.867s] running develop
[1.026s] running egg_info
[1.026s] creating navila_ros2_bridge.egg-info
[1.037s] writing navila_ros2_bridge.egg-info/PKG-INFO
[1.037s] writing dependency_links to navila_ros2_bridge.egg-info/dependency_links.txt
[1.037s] writing entry points to navila_ros2_bridge.egg-info/entry_points.txt
[1.037s] writing requirements to navila_ros2_bridge.egg-info/requires.txt
[1.037s] writing top-level names to navila_ros2_bridge.egg-info/top_level.txt
[1.038s] writing manifest file 'navila_ros2_bridge.egg-info/SOURCES.txt'
[1.058s] reading manifest file 'navila_ros2_bridge.egg-info/SOURCES.txt'
[1.059s] writing manifest file 'navila_ros2_bridge.egg-info/SOURCES.txt'
[1.070s] running build_ext
[1.070s] Creating /home/ros_ws/install/navila_ros2_bridge/lib/python3.10/site-packages/navila-ros2-bridge.egg-link (link to .)
[1.071s] Installing action_to_cmdvel_node script to /home/ros_ws/install/navila_ros2_bridge/lib/navila_ros2_bridge
[1.071s] Installing instruction_node script to /home/ros_ws/install/navila_ros2_bridge/lib/navila_ros2_bridge
[1.071s] Installing navila_node script to /home/ros_ws/install/navila_ros2_bridge/lib/navila_ros2_bridge
[1.071s] 
[1.071s] Installed /home/ros_ws/build/navila_ros2_bridge
[1.071s] running symlink_data
[1.071s] creating /home/ros_ws/install/navila_ros2_bridge/share/ament_index
[1.071s] creating /home/ros_ws/install/navila_ros2_bridge/share/ament_index/resource_index
[1.071s] creating /home/ros_ws/install/navila_ros2_bridge/share/ament_index/resource_index/packages
[1.071s] symbolically linking /home/ros_ws/build/navila_ros2_bridge/resource/navila_ros2_bridge -> /home/ros_ws/install/navila_ros2_bridge/share/ament_index/resource_index/packages
[1.071s] symbolically linking /home/ros_ws/build/navila_ros2_bridge/package.xml -> /home/ros_ws/install/navila_ros2_bridge/share/navila_ros2_bridge
[1.071s] creating /home/ros_ws/install/navila_ros2_bridge/share/navila_ros2_bridge/launch
[1.071s] symbolically linking /home/ros_ws/build/navila_ros2_bridge/launch/navila.launch.py -> /home/ros_ws/install/navila_ros2_bridge/share/navila_ros2_bridge/launch
[1.104s] Invoked command in '/home/ros_ws/build/navila_ros2_bridge' returned '0': PYTHONPATH=/home/ros_ws/build/navila_ros2_bridge/prefix_override:/usr/lib/python3/dist-packages/colcon_core/task/python/colcon_distutils_commands:/home/ros_ws/install/navila_ros2_bridge/lib/python3.10/site-packages:${PYTHONPATH} _=/usr/bin/env /usr/bin/python3 -W ignore:setup.py install is deprecated -W ignore:easy_install command is deprecated setup.py develop --editable --build-directory /home/ros_ws/build/navila_ros2_bridge/build --no-deps symlink_data
