[0.016s] Invoking command in '/home/ros_ws/build/husky_description': AMENT_PREFIX_PATH=/home/ros_ws/install/clearpath_sensors_description:/home/ros_ws/install/clearpath_platform_description:${AMENT_PREFIX_PATH} CMAKE_PREFIX_PATH=/home/ros_ws/install/clearpath_sensors_description:/home/ros_ws/install/clearpath_platform_description:/opt/ros/humble _=/usr/bin/env /usr/bin/cmake /home/ros_ws/src/husky_description/husky_description -DCMAKE_INSTALL_PREFIX=/home/ros_ws/install/husky_description
[0.056s] -- The C compiler identification is GNU 11.4.0
[0.101s] -- The CXX compiler identification is GNU 11.4.0
[0.108s] -- Detecting C compiler ABI info
[0.158s] -- Detecting C compiler ABI info - done
[0.168s] -- Check for working C compiler: /usr/bin/cc - skipped
[0.169s] -- Detecting C compile features
[0.169s] -- Detecting C compile features - done
[0.172s] -- Detecting CXX compiler ABI info
[0.235s] -- Detecting CXX compiler ABI info - done
[0.240s] -- Check for working CXX compiler: /usr/bin/c++ - skipped
[0.240s] -- Detecting CXX compile features
[0.241s] -- Detecting CXX compile features - done
[0.243s] -- Found ament_cmake: 1.3.14 (/opt/ros/humble/share/ament_cmake/cmake)
[0.361s] -- Found Python3: /usr/bin/python3 (found version "3.10.12") found components: Interpreter 
[0.472s] -- Configuring done
[0.474s] -- Generating done
[0.475s] -- Build files have been written to: /home/ros_ws/build/husky_description
[0.478s] Invoked command in '/home/ros_ws/build/husky_description' returned '0': AMENT_PREFIX_PATH=/home/ros_ws/install/clearpath_sensors_description:/home/ros_ws/install/clearpath_platform_description:${AMENT_PREFIX_PATH} CMAKE_PREFIX_PATH=/home/ros_ws/install/clearpath_sensors_description:/home/ros_ws/install/clearpath_platform_description:/opt/ros/humble _=/usr/bin/env /usr/bin/cmake /home/ros_ws/src/husky_description/husky_description -DCMAKE_INSTALL_PREFIX=/home/ros_ws/install/husky_description
[0.480s] Invoking command in '/home/ros_ws/build/husky_description': AMENT_PREFIX_PATH=/home/ros_ws/install/clearpath_sensors_description:/home/ros_ws/install/clearpath_platform_description:${AMENT_PREFIX_PATH} CMAKE_PREFIX_PATH=/home/ros_ws/install/clearpath_sensors_description:/home/ros_ws/install/clearpath_platform_description:/opt/ros/humble _=/usr/bin/env /usr/bin/cmake --build /home/ros_ws/build/husky_description -- -j16 -l16
[0.506s] Invoked command in '/home/ros_ws/build/husky_description' returned '0': AMENT_PREFIX_PATH=/home/ros_ws/install/clearpath_sensors_description:/home/ros_ws/install/clearpath_platform_description:${AMENT_PREFIX_PATH} CMAKE_PREFIX_PATH=/home/ros_ws/install/clearpath_sensors_description:/home/ros_ws/install/clearpath_platform_description:/opt/ros/humble _=/usr/bin/env /usr/bin/cmake --build /home/ros_ws/build/husky_description -- -j16 -l16
[0.507s] Invoking command in '/home/ros_ws/build/husky_description': AMENT_PREFIX_PATH=/home/ros_ws/install/clearpath_sensors_description:/home/ros_ws/install/clearpath_platform_description:${AMENT_PREFIX_PATH} CMAKE_PREFIX_PATH=/home/ros_ws/install/clearpath_sensors_description:/home/ros_ws/install/clearpath_platform_description:/opt/ros/humble _=/usr/bin/env /usr/bin/cmake --install /home/ros_ws/build/husky_description
[0.512s] -- Install configuration: ""
[0.512s] -- Installing: /home/ros_ws/install/husky_description/share/husky_description/urdf
[0.513s] -- Installing: /home/ros_ws/install/husky_description/share/husky_description/urdf/robot.urdf.xacro
[0.513s] -- Installing: /home/ros_ws/install/husky_description/share/ament_index/resource_index/package_run_dependencies/husky_description
[0.513s] -- Installing: /home/ros_ws/install/husky_description/share/ament_index/resource_index/parent_prefix_path/husky_description
[0.513s] -- Installing: /home/ros_ws/install/husky_description/share/husky_description/environment/ament_prefix_path.sh
[0.513s] -- Installing: /home/ros_ws/install/husky_description/share/husky_description/environment/ament_prefix_path.dsv
[0.513s] -- Installing: /home/ros_ws/install/husky_description/share/husky_description/environment/path.sh
[0.513s] -- Installing: /home/ros_ws/install/husky_description/share/husky_description/environment/path.dsv
[0.513s] -- Installing: /home/ros_ws/install/husky_description/share/husky_description/local_setup.bash
[0.513s] -- Installing: /home/ros_ws/install/husky_description/share/husky_description/local_setup.sh
[0.513s] -- Installing: /home/ros_ws/install/husky_description/share/husky_description/local_setup.zsh
[0.513s] -- Installing: /home/ros_ws/install/husky_description/share/husky_description/local_setup.dsv
[0.513s] -- Installing: /home/ros_ws/install/husky_description/share/husky_description/package.dsv
[0.514s] -- Installing: /home/ros_ws/install/husky_description/share/ament_index/resource_index/packages/husky_description
[0.514s] -- Installing: /home/ros_ws/install/husky_description/share/husky_description/cmake/husky_descriptionConfig.cmake
[0.514s] -- Installing: /home/ros_ws/install/husky_description/share/husky_description/cmake/husky_descriptionConfig-version.cmake
[0.515s] -- Installing: /home/ros_ws/install/husky_description/share/husky_description/package.xml
[0.517s] Invoked command in '/home/ros_ws/build/husky_description' returned '0': AMENT_PREFIX_PATH=/home/ros_ws/install/clearpath_sensors_description:/home/ros_ws/install/clearpath_platform_description:${AMENT_PREFIX_PATH} CMAKE_PREFIX_PATH=/home/ros_ws/install/clearpath_sensors_description:/home/ros_ws/install/clearpath_platform_description:/opt/ros/humble _=/usr/bin/env /usr/bin/cmake --install /home/ros_ws/build/husky_description
