[0.017s] Invoking command in '/home/ros_ws/build/clearpath_control': CMAKE_PREFIX_PATH=/opt/ros/humble _=/usr/bin/env /usr/bin/cmake /home/ros_ws/src/husky_bringup/clearpath_control -DCMAKE_INSTALL_PREFIX=/home/ros_ws/install/clearpath_control
[0.060s] -- The C compiler identification is GNU 11.4.0
[0.109s] -- The CXX compiler identification is GNU 11.4.0
[0.114s] -- Detecting C compiler ABI info
[0.162s] -- Detecting C compiler ABI info - done
[0.169s] -- Check for working C compiler: /usr/bin/cc - skipped
[0.169s] -- Detecting C compile features
[0.169s] -- Detecting C compile features - done
[0.172s] -- Detecting CXX compiler ABI info
[0.232s] -- Detecting CXX compiler ABI info - done
[0.238s] -- Check for working CXX compiler: /usr/bin/c++ - skipped
[0.238s] -- Detecting CXX compile features
[0.239s] -- Detecting CXX compile features - done
[0.241s] -- Found ament_cmake: 1.3.14 (/opt/ros/humble/share/ament_cmake/cmake)
[0.359s] -- Found Python3: /usr/bin/python3 (found version "3.10.12") found components: Interpreter 
[0.480s] -- Configuring done
[0.483s] -- Generating done
[0.485s] -- Build files have been written to: /home/ros_ws/build/clearpath_control
[0.491s] Invoked command in '/home/ros_ws/build/clearpath_control' returned '0': CMAKE_PREFIX_PATH=/opt/ros/humble _=/usr/bin/env /usr/bin/cmake /home/ros_ws/src/husky_bringup/clearpath_control -DCMAKE_INSTALL_PREFIX=/home/ros_ws/install/clearpath_control
[0.492s] Invoking command in '/home/ros_ws/build/clearpath_control': CMAKE_PREFIX_PATH=/opt/ros/humble _=/usr/bin/env /usr/bin/cmake --build /home/ros_ws/build/clearpath_control -- -j16 -l16
[0.527s] Invoked command in '/home/ros_ws/build/clearpath_control' returned '0': CMAKE_PREFIX_PATH=/opt/ros/humble _=/usr/bin/env /usr/bin/cmake --build /home/ros_ws/build/clearpath_control -- -j16 -l16
[0.528s] Invoking command in '/home/ros_ws/build/clearpath_control': CMAKE_PREFIX_PATH=/opt/ros/humble _=/usr/bin/env /usr/bin/cmake --install /home/ros_ws/build/clearpath_control
[0.534s] -- Install configuration: ""
[0.534s] -- Installing: /home/ros_ws/install/clearpath_control/share/clearpath_control/config
[0.534s] -- Installing: /home/ros_ws/install/clearpath_control/share/clearpath_control/config/generic
[0.534s] -- Installing: /home/ros_ws/install/clearpath_control/share/clearpath_control/config/generic/teleop_logitech.yaml
[0.534s] -- Installing: /home/ros_ws/install/clearpath_control/share/clearpath_control/config/generic/teleop_ps4.yaml
[0.534s] -- Installing: /home/ros_ws/install/clearpath_control/share/clearpath_control/config/generic/localization.yaml
[0.534s] -- Installing: /home/ros_ws/install/clearpath_control/share/clearpath_control/config/generic/teleop_interactive_markers.yaml
[0.534s] -- Installing: /home/ros_ws/install/clearpath_control/share/clearpath_control/config/a200
[0.534s] -- Installing: /home/ros_ws/install/clearpath_control/share/clearpath_control/config/a200/teleop_joy.yaml
[0.534s] -- Installing: /home/ros_ws/install/clearpath_control/share/clearpath_control/config/a200/teleop_logitech.yaml
[0.534s] -- Installing: /home/ros_ws/install/clearpath_control/share/clearpath_control/config/a200/teleop_ps4.yaml
[0.534s] -- Installing: /home/ros_ws/install/clearpath_control/share/clearpath_control/config/a200/localization.yaml
[0.534s] -- Installing: /home/ros_ws/install/clearpath_control/share/clearpath_control/config/a200/twist_mux.yaml
[0.535s] -- Installing: /home/ros_ws/install/clearpath_control/share/clearpath_control/config/a200/teleop_interactive_markers.yaml
[0.535s] -- Installing: /home/ros_ws/install/clearpath_control/share/clearpath_control/config/a200/control.yaml
[0.535s] -- Installing: /home/ros_ws/install/clearpath_control/share/clearpath_control/config/imu_filter.yaml
[0.535s] -- Installing: /home/ros_ws/install/clearpath_control/share/clearpath_control/launch
[0.535s] -- Installing: /home/ros_ws/install/clearpath_control/share/clearpath_control/launch/teleop_base.launch.py
[0.535s] -- Installing: /home/ros_ws/install/clearpath_control/share/clearpath_control/launch/control.launch.py
[0.535s] -- Installing: /home/ros_ws/install/clearpath_control/share/clearpath_control/launch/localization.launch.py
[0.535s] -- Installing: /home/ros_ws/install/clearpath_control/share/clearpath_control/launch/teleop_joy.launch.py
[0.535s] -- Installing: /home/ros_ws/install/clearpath_control/share/ament_index/resource_index/package_run_dependencies/clearpath_control
[0.535s] -- Installing: /home/ros_ws/install/clearpath_control/share/ament_index/resource_index/parent_prefix_path/clearpath_control
[0.535s] -- Installing: /home/ros_ws/install/clearpath_control/share/clearpath_control/environment/ament_prefix_path.sh
[0.535s] -- Installing: /home/ros_ws/install/clearpath_control/share/clearpath_control/environment/ament_prefix_path.dsv
[0.535s] -- Installing: /home/ros_ws/install/clearpath_control/share/clearpath_control/environment/path.sh
[0.535s] -- Installing: /home/ros_ws/install/clearpath_control/share/clearpath_control/environment/path.dsv
[0.535s] -- Installing: /home/ros_ws/install/clearpath_control/share/clearpath_control/local_setup.bash
[0.535s] -- Installing: /home/ros_ws/install/clearpath_control/share/clearpath_control/local_setup.sh
[0.535s] -- Installing: /home/ros_ws/install/clearpath_control/share/clearpath_control/local_setup.zsh
[0.535s] -- Installing: /home/ros_ws/install/clearpath_control/share/clearpath_control/local_setup.dsv
[0.535s] -- Installing: /home/ros_ws/install/clearpath_control/share/clearpath_control/package.dsv
[0.535s] -- Installing: /home/ros_ws/install/clearpath_control/share/ament_index/resource_index/packages/clearpath_control
[0.536s] -- Installing: /home/ros_ws/install/clearpath_control/share/clearpath_control/cmake/clearpath_controlConfig.cmake
[0.536s] -- Installing: /home/ros_ws/install/clearpath_control/share/clearpath_control/cmake/clearpath_controlConfig-version.cmake
[0.536s] -- Installing: /home/ros_ws/install/clearpath_control/share/clearpath_control/package.xml
[0.538s] Invoked command in '/home/ros_ws/build/clearpath_control' returned '0': CMAKE_PREFIX_PATH=/opt/ros/humble _=/usr/bin/env /usr/bin/cmake --install /home/ros_ws/build/clearpath_control
